This is pdfTeX, Version 3.141592653-2.6-1.40.22 (TeX Live 2022/dev/Debian) (preloaded format=pdflatex 2024.4.29)  8 SEP 2025 23:00
entering extended mode
 restricted \write18 enabled.
 %&-line parsing enabled.
**main.tex
(./main.tex
LaTeX2e <2021-11-15> patch level 1
L3 programming layer <2022-01-21> (./utfpr.cls
Document Class: utfpr 2021/10/28 v2.0
(/usr/share/texlive/texmf-dist/tex/latex/setspace/setspace.sty
Package: setspace 2011/12/19 v6.7a set line spacing
)
(/usr/share/texlive/texmf-dist/tex/latex/graphics/color.sty
Package: color 2021/12/07 v1.3c Standard LaTeX Color (DPC)

(/usr/share/texlive/texmf-dist/tex/latex/graphics-cfg/color.cfg
File: color.cfg 2016/01/02 v1.6 sample color configuration
)
Package color Info: Driver file: pdftex.def on input line 149.

(/usr/share/texlive/texmf-dist/tex/latex/graphics-def/pdftex.def
File: pdftex.def 2020/10/05 v1.2a Graphics/color driver for pdftex
))
(/usr/share/texlive/texmf-dist/tex/latex/substr/substr.sty
Package: substr 2009/10/20 v1.2 Handle substrings
\c@su@anzahl=\count185
)
-----> Option: pretextualoneside
-----> Option: fontetimes
-----> Option: semrecuonosumario
-----> Option: usemakeindex
-----> Option: pardeassinaturas
(/usr/share/texlive/texmf-dist/tex/latex/abntex2/abntex2.cls
Document Class: abntex2 2018/11/24 v-1.9.7 abnTeX2
(/usr/share/texlive/texmf-dist/tex/latex/base/ifthen.sty
Package: ifthen 2020/11/24 v1.1c Standard LaTeX ifthen package (DPC)
)
(/usr/share/texlive/texmf-dist/tex/latex/memoir/memoir.cls
Document Class: memoir 2021/06/16 v3.7p configurable book, report, article docu
ment class
\onelineskip=\skip47
\lxvchars=\skip48
\xlvchars=\skip49
\@memcnta=\count186
\c@@memmarkcntra=\count187
(/usr/share/texlive/texmf-dist/tex/generic/iftex/iftex.sty
Package: iftex 2020/03/06 v1.0d TeX engine tests
)
\stockheight=\skip50
\stockwidth=\skip51
\trimtop=\skip52
\trimedge=\skip53

(/usr/share/texlive/texmf-dist/tex/latex/memoir/mem12.clo
File: mem12.clo 2010/10/19 v0.4b memoir class 12pt size option
)
\binding=\skip54
\spinemargin=\skip55
\foremargin=\skip56
\uppermargin=\skip57
\lowermargin=\skip58
\headdrop=\skip59
\normalrulethickness=\skip60
\mem@maxheadheight=\skip61
\mem@maxfootheight=\skip62
\headwidth=\skip63
\c@storedpagenumber=\count188
\memPD=\dimen138
\m@mabparskip=\skip64
\thanksmarkwidth=\skip65
\thanksmarksep=\skip66
\droptitle=\skip67
\c@book=\count189
\c@part=\count190
\c@chapter=\count191
\c@section=\count192
\c@subsection=\count193
\c@subsubsection=\count194
\c@paragraph=\count195
\c@subparagraph=\count196
\beforechapskip=\skip68
\midchapskip=\skip69
\afterchapskip=\skip70
\chapindent=\skip71
\bottomsectionskip=\skip72
\secindent=\skip73
\beforesecskip=\skip74
\aftersecskip=\skip75
\subsecindent=\skip76
\beforesubsecskip=\skip77
\aftersubsecskip=\skip78
\subsubsecindent=\skip79
\beforesubsubsecskip=\skip80
\aftersubsubsecskip=\skip81
\paraindent=\skip82
\beforeparaskip=\skip83
\afterparaskip=\skip84
\subparaindent=\skip85
\beforesubparaskip=\skip86
\aftersubparaskip=\skip87
\pfbreakskip=\skip88
\c@@ppsavesec=\count197
\c@@ppsaveapp=\count198
\ragrparindent=\dimen139
\everylistparindent=\dimen140
\parsepi=\skip89
\topsepi=\skip90
\itemsepi=\skip91
\parsepii=\skip92
\topsepii=\skip93
\topsepiii=\skip94
\itemsepii=\skip95
\itemsepiii=\skip96
\partopsepii=\skip97
\partopsepiii=\skip98
\m@msavetopsep=\skip99
\m@msavepartopsep=\skip100
\@enLab=\toks16
\abstitleskip=\skip101
\absleftindent=\skip102
\abs@leftindent=\dimen141
\absrightindent=\skip103
\absparindent=\skip104
\absparsep=\skip105
\c@vslineno=\count199
\c@poemline=\count266
\c@modulo@vs=\count267
\c@memfvsline=\count268
\vleftskip=\skip106
\vrightskip=\skip107
\stanzaskip=\skip108
\versewidth=\skip109
\vgap=\skip110
\vindent=\skip111
\vleftmargin=\dimen142
\c@verse=\count269
\c@chrsinstr=\count270
\beforepoemtitleskip=\skip112
\afterpoemtitleskip=\skip113
\c@poem=\count271
\beforePoemTitleskip=\skip114
\midPoemTitleskip=\skip115
\afterPoemTitleskip=\skip116

(/usr/share/texlive/texmf-dist/tex/latex/tools/array.sty
Package: array 2021/10/04 v2.5f Tabular extension package (FMi)
\col@sep=\dimen143
\ar@mcellbox=\box50
\extrarowheight=\dimen144
\NC@list=\toks17
\extratabsurround=\skip117
\backup@length=\skip118
\ar@cellbox=\box51
)
(/usr/share/texlive/texmf-dist/tex/latex/tools/dcolumn.sty
Package: dcolumn 2014/10/28 v1.06 decimal alignment package (DPC)
)
(/usr/share/texlive/texmf-dist/tex/latex/tools/delarray.sty
Package: delarray 2014/10/28 v1.01 array delimiter package (DPC)
)
(/usr/share/texlive/texmf-dist/tex/latex/tools/tabularx.sty
Package: tabularx 2020/01/15 v2.11c `tabularx' package (DPC)
\TX@col@width=\dimen145
\TX@old@table=\dimen146
\TX@old@col=\dimen147
\TX@target=\dimen148
\TX@delta=\dimen149
\TX@cols=\count272
\TX@ftn=\toks18
)
\heavyrulewidth=\dimen150
\lightrulewidth=\dimen151
\cmidrulewidth=\dimen152
\belowrulesep=\dimen153
\belowbottomsep=\dimen154
\aboverulesep=\dimen155
\abovetopsep=\dimen156
\cmidrulesep=\dimen157
\cmidrulekern=\dimen158
\defaultaddspace=\dimen159
\@cmidla=\count273
\@cmidlb=\count274
\@aboverulesep=\dimen160
\@belowrulesep=\dimen161
\@thisruleclass=\count275
\@lastruleclass=\count276
\@thisrulewidth=\dimen162
\ctableftskip=\skip119
\ctabrightskip=\skip120
\abovecolumnspenalty=\count277
\@linestogo=\count278
\@cellstogo=\count279
\@cellsincolumn=\count280
\crtok=\toks19
\@mincolumnwidth=\dimen163
\c@newflo@tctr=\count281
\mem@margin@floatbox=\box52
\@contcwidth=\skip121
\@contindw=\skip122
\abovecaptionskip=\skip123
\belowcaptionskip=\skip124
\subfloattopskip=\skip125
\subfloatcapskip=\skip126
\subfloatcaptopadj=\skip127
\subfloatbottomskip=\skip128
\subfloatlabelskip=\skip129
\subfloatcapmargin=\dimen164
\c@@contsubnum=\count282
\m@mscap@capbox=\box53
\m@mscap@fbox=\box54
\sidecapsep=\dimen165
\sidecapwidth=\dimen166
\m@m@tempdima=\dimen167
\m@mscapraise=\dimen168
\sidecapraise=\dimen169
\m@mscapmainwidth=\dimen170
\m@mscaplkern=\dimen171
\beforeepigraphskip=\skip130
\afterepigraphskip=\skip131
\epigraphwidth=\skip132
\epigraphrule=\skip133
LaTeX Info: Redefining \em on input line 7654.
LaTeX Info: Redefining \emph on input line 7662.
\tocentryskip=\skip134
\tocbaseline=\skip135
\cftparskip=\skip136
\cftbeforebookskip=\skip137
\cftbookindent=\dimen172
\cftbooknumwidth=\dimen173
\cftbeforepartskip=\skip138
\cftpartindent=\skip139
\cftpartnumwidth=\skip140
\cftbeforechapterskip=\skip141
\cftchapterindent=\skip142
\cftchapternumwidth=\skip143
\cftbeforesectionskip=\skip144
\cftsectionindent=\skip145
\cftsectionnumwidth=\skip146
\cftbeforesubsectionskip=\skip147
\cftsubsectionindent=\skip148
\cftsubsectionnumwidth=\skip149
\cftbeforesubsubsectionskip=\skip150
\cftsubsubsectionindent=\skip151
\cftsubsubsectionnumwidth=\skip152
\cftbeforeparagraphskip=\skip153
\cftparagraphindent=\skip154
\cftparagraphnumwidth=\skip155
\cftbeforesubparagraphskip=\skip156
\cftsubparagraphindent=\skip157
\cftsubparagraphnumwidth=\skip158
\prechapterprecisshift=\dimen174
\c@maxsecnumdepth=\count283
\bibindent=\dimen175
\bibitemsep=\skip159
\indexcolsep=\skip160
\indexrule=\skip161
\indexmarkstyle=\toks20
\@indexbox=\insert252
\glossarycolsep=\dimen176
\glossaryrule=\dimen177
\sideparvshift=\skip162
\sideins=\insert251
\sidebartopsep=\skip163
\sidebarhsep=\skip164
\sidebarvsep=\skip165
\sidebarwidth=\skip166
\footmarkwidth=\skip167
\footmarksep=\skip168
\footparindent=\skip169
\footinsdim=\skip170
\footinsv@r=\insert250
\@mpfootinsv@r=\insert249
\m@m@k=\count284
\m@m@h=\dimen178
\m@mipn@skip=\skip171
\sidefootins=\insert248
\sidefootadjust=\skip172
\sidefootheight=\skip173
\sidefoothsep=\skip174
\sidefootvsep=\skip175
\sidefootwidth=\skip176
\m@mdownsf=\skip177
\c@sidefootnote=\count285
\sidefootmarkwidth=\skip178
\sidefootmarksep=\skip179
\sidefootparindent=\skip180
\c@pagenote=\count286
\c@pagenoteshadow=\count287
\mem@pn@lastkern=\skip181
\every@verbatim=\toks21
\afterevery@verbatim=\toks22
\verbatim@line=\toks23
\tab@position=\count288
\verbatim@in@stream=\read2
\verbatimindent=\skip182
\verbatim@out=\write3
\bvboxsep=\skip183
\c@memfbvline=\count289
\c@bvlinectr=\count290
\bvnumlength=\skip184
\fb@frw=\dimen179
\fb@frh=\dimen180
\FrameRule=\dimen181
\FrameSep=\dimen182


LaTeX hooks Warning: Generic hook 'package/before/framed' is deprecated.
(hooks)              Use hook 'package/framed/before' instead.

\c@cp@cntr=\count291
\c@ism@mctr=\count292
\c@xsm@mctr=\count293
\c@csm@mctr=\count294
\c@ksm@mctr=\count295
\c@xksm@mctr=\count296
\c@cksm@mctr=\count297
\c@msm@mctr=\count298
\c@xmsm@mctr=\count299
\c@cmsm@mctr=\count300
\c@bsm@mctr=\count301
\c@workm@mctr=\count302
\c@sheetsequence=\count303
\c@lastsheet=\count304
\c@lastpage=\count305
(/usr/share/texlive/texmf-dist/tex/latex/textcase/textcase.sty
Package: textcase 2019/09/14 v1.00 Text only upper/lower case changing (DPC)
)
\c@figure=\count306
\c@lofdepth=\count307
\cftbeforefigureskip=\skip185
\cftfigureindent=\skip186
\cftfigurenumwidth=\skip187
\c@table=\count308
\c@lotdepth=\count309
\cftbeforetableskip=\skip188
\cfttableindent=\skip189
\cfttablenumwidth=\skip190
Package abstract [2008/07/23] emulated by memoir.
Package appendix [2008/07/23] emulated by memoir.
Package booktabs [2016/05/16] emulated by memoir.
Package ccaption [2008/07/23] emulated by memoir.
Package changepage [2008/07/23] emulated by memoir.
Package chngcntr [2008/07/23] emulated by memoir.
Package chngpage [2008/07/23] emulated by memoir.
Package crop emulated by memoir.
Package enumerate [2008/07/23] emulated by memoir.
Package epigraph [2008/07/23] emulated by memoir.
Package ifmtarg [2008/07/23] emulated by memoir.
Package index [2008/07/23] emulated by memoir.
Package makeidx [2008/07/23] emulated by memoir.
Package moreverb [2008/07/23] emulated by memoir.
Package needspace [2008/07/23] emulated by memoir.
Package newfile [2008/07/23] emulated by memoir.
Package nextpage [2008/07/23] emulated by memoir.
Package pagenote [2008/07/23] emulated by memoir.
Package parskip [2008/07/23] emulated by memoir.
Package patchcmd [2008/07/23] emulated by memoir.
Package setspace [2008/07/23] emulated by memoir.
Package shortvrb [2008/07/23] emulated by memoir.
Package showidx [2008/07/23] emulated by memoir.
Package titleref [2008/07/23] emulated by memoir.
Package titling [2008/07/23] emulated by memoir.
Package tocbibind [2008/07/23] emulated by memoir.
Package tocloft [2008/07/23] emulated by memoir.
Package tocvsec2 [2008/07/23] emulated by memoir.
Package verbatim [2008/07/23] emulated by memoir.
Package verse [2008/07/23] emulated by memoir.


LaTeX hooks Warning: Generic hook 'package/before/float' is deprecated.
(hooks)              Use hook 'package/float/before' instead.

) (/usr/share/texlive/texmf-dist/tex/latex/hyperref/hyperref.sty
Package: hyperref 2021-06-07 v7.00m Hypertext links for LaTeX

(/usr/share/texlive/texmf-dist/tex/generic/ltxcmds/ltxcmds.sty
Package: ltxcmds 2020-05-10 v1.25 LaTeX kernel commands for general use (HO)
)
(/usr/share/texlive/texmf-dist/tex/generic/pdftexcmds/pdftexcmds.sty
Package: pdftexcmds 2020-06-27 v0.33 Utility functions of pdfTeX for LuaTeX (HO
)

(/usr/share/texlive/texmf-dist/tex/generic/infwarerr/infwarerr.sty
Package: infwarerr 2019/12/03 v1.5 Providing info/warning/error messages (HO)
)
Package pdftexcmds Info: \pdf@primitive is available.
Package pdftexcmds Info: \pdf@ifprimitive is available.
Package pdftexcmds Info: \pdfdraftmode found.
)
(/usr/share/texlive/texmf-dist/tex/latex/graphics/keyval.sty
Package: keyval 2014/10/28 v1.15 key=value parser (DPC)
\KV@toks@=\toks24
)
(/usr/share/texlive/texmf-dist/tex/generic/kvsetkeys/kvsetkeys.sty
Package: kvsetkeys 2019/12/15 v1.18 Key value parser (HO)
)
(/usr/share/texlive/texmf-dist/tex/generic/kvdefinekeys/kvdefinekeys.sty
Package: kvdefinekeys 2019-12-19 v1.6 Define keys (HO)
)
(/usr/share/texlive/texmf-dist/tex/generic/pdfescape/pdfescape.sty
Package: pdfescape 2019/12/09 v1.15 Implements pdfTeX's escape features (HO)
)
(/usr/share/texlive/texmf-dist/tex/latex/hycolor/hycolor.sty
Package: hycolor 2020-01-27 v1.10 Color options for hyperref/bookmark (HO)
)
(/usr/share/texlive/texmf-dist/tex/latex/letltxmacro/letltxmacro.sty
Package: letltxmacro 2019/12/03 v1.6 Let assignment for LaTeX macros (HO)
)
(/usr/share/texlive/texmf-dist/tex/latex/auxhook/auxhook.sty
Package: auxhook 2019-12-17 v1.6 Hooks for auxiliary files (HO)
)
(/usr/share/texlive/texmf-dist/tex/latex/kvoptions/kvoptions.sty
Package: kvoptions 2020-10-07 v3.14 Key value format for package options (HO)
)
\@linkdim=\dimen183
\Hy@linkcounter=\count310
\Hy@pagecounter=\count311

(/usr/share/texlive/texmf-dist/tex/latex/hyperref/pd1enc.def
File: pd1enc.def 2021-06-07 v7.00m Hyperref: PDFDocEncoding definition (HO)
Now handling font encoding PD1 ...
... no UTF-8 mapping file for font encoding PD1
)
(/usr/share/texlive/texmf-dist/tex/latex/hyperref/hyperref-langpatches.def
File: hyperref-langpatches.def 2021-06-07 v7.00m Hyperref: patches for babel la
nguages
)
(/usr/share/texlive/texmf-dist/tex/generic/intcalc/intcalc.sty
Package: intcalc 2019/12/15 v1.3 Expandable calculations with integers (HO)
)
(/usr/share/texlive/texmf-dist/tex/generic/etexcmds/etexcmds.sty
Package: etexcmds 2019/12/15 v1.7 Avoid name clashes with e-TeX commands (HO)
)
\Hy@SavedSpaceFactor=\count312

(/usr/share/texlive/texmf-dist/tex/latex/hyperref/puenc.def
File: puenc.def 2021-06-07 v7.00m Hyperref: PDF Unicode definition (HO)
Now handling font encoding PU ...
... no UTF-8 mapping file for font encoding PU
)
Package hyperref Info: Option `pdfa' set `true' on input line 4073.
Package hyperref Info: Hyper figures OFF on input line 4192.
Package hyperref Info: Link nesting OFF on input line 4197.
Package hyperref Info: Hyper index ON on input line 4200.
Package hyperref Info: Plain pages OFF on input line 4207.
Package hyperref Info: Backreferencing OFF on input line 4212.
Package hyperref Info: Implicit mode ON; LaTeX internals redefined.
Package hyperref Info: Bookmarks ON on input line 4445.
\c@Hy@tempcnt=\count313

(/usr/share/texlive/texmf-dist/tex/latex/url/url.sty
\Urlmuskip=\muskip16
Package: url 2013/09/16  ver 3.4  Verb mode for urls, etc.
)
LaTeX Info: Redefining \url on input line 4804.
\XeTeXLinkMargin=\dimen184

(/usr/share/texlive/texmf-dist/tex/generic/bitset/bitset.sty
Package: bitset 2019/12/09 v1.3 Handle bit-vector datatype (HO)

(/usr/share/texlive/texmf-dist/tex/generic/bigintcalc/bigintcalc.sty
Package: bigintcalc 2019/12/15 v1.5 Expandable calculations on big integers (HO
)
))
\Fld@menulength=\count314
\Field@Width=\dimen185
\Fld@charsize=\dimen186
Package hyperref Info: Hyper figures OFF on input line 6076.
Package hyperref Info: Link nesting OFF on input line 6081.
Package hyperref Info: Hyper index ON on input line 6084.
Package hyperref Info: backreferencing OFF on input line 6091.
Package hyperref Info: Link coloring OFF on input line 6096.
Package hyperref Info: Link coloring with OCG OFF on input line 6101.
Package hyperref Info: PDF/A mode ON on input line 6104.
LaTeX Info: Redefining \ref on input line 6146.
LaTeX Info: Redefining \pageref on input line 6150.

(/usr/share/texlive/texmf-dist/tex/latex/base/atbegshi-ltx.sty
Package: atbegshi-ltx 2021/01/10 v1.0c Emulation of the original atbegshi
package with kernel methods
)
\Hy@abspage=\count315
\c@Item=\count316
\c@Hfootnote=\count317
)
(/usr/share/texlive/texmf-dist/tex/latex/memoir/memhfixc.sty
Package: memhfixc 2021/06/16 v1.19 nameref/hyperref package fixes for memoir cl
ass


LaTeX hooks Warning: Generic hook 'package/after/nameref' is deprecated.
(hooks)              Use hook 'package/nameref/after' instead.

\c@memhycontfloat=\count318
\c@Hpagenote=\count319

LaTeX hooks Warning: Generic hook 'package/after/hypcap' is deprecated.
(hooks)              Use hook 'package/hypcap/after' instead.

)
Package hyperref Info: Driver (autodetected): hpdftex.
 (/usr/share/texlive/texmf-dist/tex/latex/hyperref/hpdftex.def
File: hpdftex.def 2021-06-07 v7.00m Hyperref driver for pdfTeX

(/usr/share/texlive/texmf-dist/tex/latex/base/atveryend-ltx.sty
Package: atveryend-ltx 2020/08/19 v1.0a Emulation of the original atveryend pac
kage
with kernel methods
)
\Fld@listcount=\count320
\c@bookmark@seq@number=\count321

(/usr/share/texlive/texmf-dist/tex/latex/rerunfilecheck/rerunfilecheck.sty
Package: rerunfilecheck 2019/12/05 v1.9 Rerun checks for auxiliary files (HO)

(/usr/share/texlive/texmf-dist/tex/generic/uniquecounter/uniquecounter.sty
Package: uniquecounter 2019/12/15 v1.4 Provide unlimited unique counter (HO)
)
Package uniquecounter Info: New unique counter `rerunfilecheck' on input line 2
86.
)
\Hy@SectionHShift=\skip191
)
(/usr/share/texlive/texmf-dist/tex/latex/bookmark/bookmark.sty
Package: bookmark 2020-11-06 v1.29 PDF bookmarks (HO)

(/usr/share/texlive/texmf-dist/tex/latex/bookmark/bkm-pdftex.def
File: bkm-pdftex.def 2020-11-06 v1.29 bookmark driver for pdfTeX (HO)
\BKM@id=\count322
))
(/usr/share/texlive/texmf-dist/tex/generic/babel/babel.sty
Package: babel 2022/01/26 3.70 The Babel package
\babel@savecnt=\count323
\U@D=\dimen187
\l@unhyphenated=\language87

(/usr/share/texlive/texmf-dist/tex/generic/babel/txtbabel.def)
\bbl@readstream=\read3
\bbl@dirlevel=\count324

(/usr/share/texlive/texmf-dist/tex/generic/babel-english/english.ldf
Language: english 2017/06/06 v3.3r English support from the babel system
Package babel Info: Hyphen rules for 'canadian' set to \l@english
(babel)             (\language0). Reported on input line 102.
Package babel Info: Hyphen rules for 'australian' set to \l@ukenglish
(babel)             (\language26). Reported on input line 105.
Package babel Info: Hyphen rules for 'newzealand' set to \l@ukenglish
(babel)             (\language26). Reported on input line 108.
)
(/usr/share/texlive/texmf-dist/tex/generic/babel-french/french.ldf
Language: french 2021/07/20 v3.5m French support from the babel system
Package babel Info: Hyphen rules for 'acadian' set to \l@french
(babel)             (\language4). Reported on input line 91.
Package babel Info: Hyphen rules for 'canadien' set to \l@french
(babel)             (\language4). Reported on input line 92.
\FB@nonchar=\count325
Package babel Info: Making : an active character on input line 430.
Package babel Info: Making ; an active character on input line 431.
Package babel Info: Making ! an active character on input line 432.
Package babel Info: Making ? an active character on input line 433.
\FBguill@level=\count326
\FBold@everypar=\toks25
\FB@Mht=\dimen188
\mc@charclass=\count327
\mc@charfam=\count328
\mc@charslot=\count329
\std@mcc=\count330
\dec@mcc=\count331
\listindentFB=\dimen189
\descindentFB=\dimen190
\labelindentFB=\dimen191
\labelwidthFB=\dimen192
\leftmarginFB=\dimen193
\parindentFFN=\dimen194
\FBfnindent=\dimen195
)
(/usr/share/texlive/texmf-dist/tex/generic/babel-spanish/spanish.ldf
Language: spanish.ldf 2021/05/27 v5.0q Spanish support from the babel system
\es@quottoks=\toks26
\es@quotdepth=\count332
Package babel Info: Making " an active character on input line 570.
Package babel Info: Making . an active character on input line 675.
Package babel Info: Making < an active character on input line 722.
Package babel Info: Making > an active character on input line 722.
)
(/usr/share/texlive/texmf-dist/tex/generic/babel-portuges/brazil.ldf
Language: portuges 2021/07/09 v1.2t Portuguese support from the babel system
Package babel Info: Hyphen rules for 'brazil' set to \l@portuguese
(babel)             (\language85). Reported on input line 111.
))
(/usr/share/texlive/texmf-dist/tex/latex/carlisle/scalefnt.sty)
(/usr/share/texmf/tex/latex/enumitem.sty
Package: enumitem 2019/06/20 v3.9 Customized lists
\labelindent=\skip192
\enit@outerparindent=\dimen196
\enit@toks=\toks27
\enit@inbox=\box55
\enit@count@id=\count333
\enitdp@description=\count334
)
(/usr/share/texlive/texmf-dist/tex/latex/tools/calc.sty
Package: calc 2017/05/25 v4.3 Infix arithmetic (KKT,FJ)
\calc@Acount=\count335
\calc@Bcount=\count336
\calc@Adimen=\dimen197
\calc@Bdimen=\dimen198
\calc@Askip=\skip193
\calc@Bskip=\skip194
LaTeX Info: Redefining \setlength on input line 80.
LaTeX Info: Redefining \addtolength on input line 81.
\calc@Ccount=\count337
\calc@Cskip=\skip195
)

******************************************************
Stock height and width: 845.04684pt by 597.50787pt
Top and edge trims: 0pt and 0pt
Page height and width: 845.04684pt by 597.50787pt
Text height and width: 708pt by 455pt
Spine and edge margins: 85.35826pt and 56.9055pt
Upper and lower margins: 85.35826pt and 51.68858pt
Headheight and headsep: 14.5pt and 19.8738pt
Footskip: 30pt
Columnsep and columnseprule: 10pt and 0pt
Marginparsep and marginparwidth: 7pt and 42.9055pt
Sidecapsep and sidecapwidth: 7pt and 42pt
Sidebarhsep and sidebarwidth: 7pt and 42pt
Sidebarvsep and sidebartopsep: 14.5pt and 0pt
Sidebarheight: 590.14995pt
Sidefoothsep and sidefootwidth: 7pt and 42pt
Sidefootvsep and sidefootheight: 14.5pt and 590.14995pt
******************************************************

\c@abntex@bookmarkcounter=\count338

LaTeX hooks Warning: Generic hook 'package/after/caption' is deprecated.
(hooks)              Use hook 'package/caption/after' instead.

\cftlastnumwidth=\skip196
\chapternamenumlength=\skip197
\ABNTEXcitacaorecuo=\skip198
\c@alineasi=\count339
\c@alineasii=\count340
\enitdp@alineas=\count341
\c@subalineasi=\count342
\enitdp@subalineas=\count343
\c@incisosi=\count344
\enitdp@incisos=\count345
\ABNTEXsignwidth=\skip199
\ABNTEXsignthickness=\skip256
\ABNTEXsignskip=\skip257
) (/usr/share/texlive/texmf-dist/tex/latex/base/inputenc.sty
Package: inputenc 2021/02/14 v1.3d Input encoding file
\inpenc@prehook=\toks28
\inpenc@posthook=\toks29
)
(/usr/share/texlive/texmf-dist/tex/latex/cmap/cmap.sty
Package: cmap 2021/02/06 v1.0j CMap support: searchable PDF
)
(/usr/share/texlive/texmf-dist/tex/latex/ae/ae.sty
Package: ae 2001/02/12 1.3 Almost European Computer Modern

(/usr/share/texlive/texmf-dist/tex/latex/base/fontenc.sty
Package: fontenc 2021/04/29 v2.0v Standard LaTeX package
<<t1.cmap>>))
(/usr/share/texlive/texmf-dist/tex/latex/graphics/graphics.sty
Package: graphics 2021/03/04 v1.4d Standard LaTeX Graphics (DPC,SPQR)

(/usr/share/texlive/texmf-dist/tex/latex/graphics/trig.sty
Package: trig 2021/08/11 v1.11 sin cos tan (DPC)
)
(/usr/share/texlive/texmf-dist/tex/latex/graphics-cfg/graphics.cfg
File: graphics.cfg 2016/06/04 v1.11 sample graphics configuration
)
Package graphics Info: Driver file: pdftex.def on input line 107.
)
(/usr/share/texlive/texmf-dist/tex/latex/graphics/graphicx.sty
Package: graphicx 2021/09/16 v1.2d Enhanced LaTeX Graphics (DPC,SPQR)
\Gin@req@height=\dimen199
\Gin@req@width=\dimen256
)
(/usr/share/texlive/texmf-dist/tex/latex/base/fix-cm.sty
Package: fix-cm 2020/11/24 v1.1t fixes to LaTeX

(/usr/share/texlive/texmf-dist/tex/latex/base/ts1enc.def
File: ts1enc.def 2001/06/05 v3.0e (jk/car/fm) Standard LaTeX file
LaTeX Font Info:    Redeclaring font encoding TS1 on input line 47.
))
(/usr/share/texlive/texmf-dist/tex/latex/hyphenat/hyphenat.sty
Package: hyphenat 2009/09/02 v2.3c hyphenation utilities
\langwohyphens=\language88
LaTeX Info: Redefining \_ on input line 43.
)
(/usr/share/texlive/texmf-dist/tex/latex/abntex2/abntex2cite.sty
Package: abntex2cite 2018/11/24 v-1.9.7 abnTeX2

(/usr/share/texlive/texmf-dist/tex/latex/abntex2/abntex2abrev.sty)
\minimumbiblabelwidth=\skip258
\ABCIauxlen=\skip259
\c@ABCIaux=\count346
\c@ABCImax=\count347

(/usr/share/texlive/texmf-dist/tex/generic/iftex/ifpdf.sty
Package: ifpdf 2019/10/25 v3.4 ifpdf legacy package. Use iftex instead.
)
(/usr/share/texlive/texmf-dist/tex/generic/iftex/ifxetex.sty
Package: ifxetex 2019/10/25 v0.7 ifxetex legacy package. Use iftex instead.
)
(/usr/share/texlive/texmf-dist/tex/latex/relsize/relsize.sty
Package: relsize 2013/03/29 ver 4.1
)
\biblabelsep=\skip260
LaTeX Info: Redefining \newblock on input line 591.
LaTeX Info: Redefining \cite on input line 618.
\ABCItoken=\toks30
)
(/usr/share/texlive/texmf-dist/tex/latex/geometry/geometry.sty
Package: geometry 2020/01/02 v5.9 Page Geometry

(/usr/share/texlive/texmf-dist/tex/generic/iftex/ifvtex.sty
Package: ifvtex 2019/10/25 v1.7 ifvtex legacy package. Use iftex instead.
)
\Gm@cnth=\count348
\Gm@cntv=\count349
\c@Gm@tempcnt=\count350
\Gm@bindingoffset=\dimen257
\Gm@wd@mp=\dimen258
\Gm@odd@mp=\dimen259
\Gm@even@mp=\dimen260
\Gm@layoutwidth=\dimen261
\Gm@layoutheight=\dimen262
\Gm@layouthoffset=\dimen263
\Gm@layoutvoffset=\dimen264
\Gm@dimlist=\toks31
)
(/usr/share/texlive/texmf-dist/tex/latex/lastpage/lastpage.sty
Package: lastpage 2021/09/03 v1.2n Refers to last page's name (HMM; JPG)
)
(/usr/share/texlive/texmf-dist/tex/latex/algorithms/algorithmic.sty
Package: algorithmic 2009/08/24 v0.1 Document Style `algorithmic'
\c@ALC@unique=\count351
\c@ALC@line=\count352
\c@ALC@rem=\count353
\c@ALC@depth=\count354
\ALC@tlm=\skip261
\algorithmicindent=\skip262
)
(/usr/share/texlive/texmf-dist/tex/latex/glossaries/base/glossaries.sty
Package: glossaries 2021/11/01 v4.49 (NLCT)

(/usr/share/texlive/texmf-dist/tex/latex/xkeyval/xkeyval.sty
Package: xkeyval 2020/11/20 v2.8 package option processing (HA)

(/usr/share/texlive/texmf-dist/tex/generic/xkeyval/xkeyval.tex
(/usr/share/texlive/texmf-dist/tex/generic/xkeyval/xkvutils.tex
\XKV@toks=\toks32
\XKV@tempa@toks=\toks33
)
\XKV@depth=\count355
File: xkeyval.tex 2014/12/03 v2.7a key=value parser (HA)
))
(/usr/share/texlive/texmf-dist/tex/latex/mfirstuc/mfirstuc.sty
Package: mfirstuc 2021/10/15 v2.07 (NLCT)

(/usr/share/texlive/texmf-dist/tex/latex/etoolbox/etoolbox.sty
Package: etoolbox 2020/10/05 v2.5k e-TeX tools for LaTeX (JAW)
\etb@tempcnta=\count356
)
\@glsmfirst=\toks34
\@glsmrest=\toks35
)
(/usr/share/texlive/texmf-dist/tex/latex/xfor/xfor.sty
Package: xfor 2009/02/05 v1.05 (NLCT)
)
(/usr/share/texlive/texmf-dist/tex/latex/datatool/datatool-base.sty
Package: datatool-base 2019/09/27 v2.32 (NLCT)

(/usr/share/texlive/texmf-dist/tex/latex/amsmath/amsmath.sty
Package: amsmath 2021/10/15 v2.17l AMS math features
\@mathmargin=\skip263

For additional information on amsmath, use the `?' option.
(/usr/share/texlive/texmf-dist/tex/latex/amsmath/amstext.sty
Package: amstext 2021/08/26 v2.01 AMS text

(/usr/share/texlive/texmf-dist/tex/latex/amsmath/amsgen.sty
File: amsgen.sty 1999/11/30 v2.0 generic functions
\@emptytoks=\toks36
\ex@=\dimen265
))
(/usr/share/texlive/texmf-dist/tex/latex/amsmath/amsbsy.sty
Package: amsbsy 1999/11/29 v1.2d Bold Symbols
\pmbraise@=\dimen266
)
(/usr/share/texlive/texmf-dist/tex/latex/amsmath/amsopn.sty
Package: amsopn 2021/08/26 v2.02 operator names
)
\inf@bad=\count357
LaTeX Info: Redefining \frac on input line 234.
\uproot@=\count358
\leftroot@=\count359
LaTeX Info: Redefining \overline on input line 399.
\classnum@=\count360
\DOTSCASE@=\count361
LaTeX Info: Redefining \ldots on input line 496.
LaTeX Info: Redefining \dots on input line 499.
LaTeX Info: Redefining \cdots on input line 620.
\Mathstrutbox@=\box56
\strutbox@=\box57
\big@size=\dimen267
LaTeX Font Info:    Redeclaring font encoding OML on input line 743.
LaTeX Font Info:    Redeclaring font encoding OMS on input line 744.
\macc@depth=\count362
\c@MaxMatrixCols=\count363
\dotsspace@=\muskip17
\c@parentequation=\count364
\dspbrk@lvl=\count365
\tag@help=\toks37
\row@=\count366
\column@=\count367
\maxfields@=\count368
\andhelp@=\toks38
\eqnshift@=\dimen268
\alignsep@=\dimen269
\tagshift@=\dimen270
\tagwidth@=\dimen271
\totwidth@=\dimen272
\lineht@=\dimen273
\@envbody=\toks39
\multlinegap=\skip264
\multlinetaggap=\skip265
\mathdisplay@stack=\toks40
LaTeX Info: Redefining \[ on input line 2938.
LaTeX Info: Redefining \] on input line 2939.
)
(/usr/share/texlive/texmf-dist/tex/latex/datatool/datatool-fp.sty
Package: datatool-fp 2019/09/27 v2.32 (NLCT)

(/usr/share/texlive/texmf-dist/tex/latex/fp/fp.sty
Package: fp 1995/04/02

`Fixed Point Package', Version 0.8, April 2, 1995 (C) Michael Mehlich
(/usr/share/texlive/texmf-dist/tex/latex/fp/defpattern.sty
Package: defpattern 1994/10/12
\actioncount=\count369
)
(/usr/share/texlive/texmf-dist/tex/latex/fp/fp-basic.sty
Package: fp-basic 1996/05/13
\FP@xs=\count370
\FP@xia=\count371
\FP@xib=\count372
\FP@xfa=\count373
\FP@xfb=\count374
\FP@rega=\count375
\FP@regb=\count376
\FP@regs=\count377
\FP@times=\count378
)
(/usr/share/texlive/texmf-dist/tex/latex/fp/fp-addons.sty
Package: fp-addons 1995/03/15
)
(/usr/share/texlive/texmf-dist/tex/latex/fp/fp-snap.sty
Package: fp-snap 1995/04/05
)
(/usr/share/texlive/texmf-dist/tex/latex/fp/fp-exp.sty
Package: fp-exp 1995/04/03
)
(/usr/share/texlive/texmf-dist/tex/latex/fp/fp-trigo.sty
Package: fp-trigo 1995/04/14
)
(/usr/share/texlive/texmf-dist/tex/latex/fp/fp-pas.sty
Package: fp-pas 1994/08/29
)
(/usr/share/texlive/texmf-dist/tex/latex/fp/fp-random.sty
Package: fp-random 1995/02/23
\FPseed=\count379
)
(/usr/share/texlive/texmf-dist/tex/latex/fp/fp-eqn.sty
Package: fp-eqn 1995/04/03
)
(/usr/share/texlive/texmf-dist/tex/latex/fp/fp-upn.sty
Package: fp-upn 1996/10/21
)
(/usr/share/texlive/texmf-dist/tex/latex/fp/fp-eval.sty
Package: fp-eval 1995/04/03
)))
\@dtl@toks=\toks41
\@dtl@tmpcount=\count380
\dtl@tmplength=\skip266
\dtl@sortresult=\count381
\@dtl@numgrpsepcount=\count382
\@dtl@datatype=\count383
\dtl@codeA=\count384
\dtl@codeB=\count385
\@dtl@foreach@level=\count386
)
(/usr/share/texlive/texmf-dist/tex/latex/glossaries/base/glossaries-compatible-
307.sty
Package: glossaries-compatible-307 2021/11/01 v4.49 (NLCT)
) (/usr/share/texlive/texmf-dist/tex/latex/tracklang/tracklang.sty
Package: tracklang 2020/06/30 v1.5 (NLCT) Track Languages

(/usr/share/texlive/texmf-dist/tex/generic/tracklang/tracklang.tex))
(/usr/share/texlive/texmf-dist/tex/latex/translator/translator.sty
Package: translator 2021-05-31 v1.12d Easy translation of strings in LaTeX
)
(/usr/share/texlive/texmf-dist/tex/latex/glossaries-english/glossaries-english.
ldf
File: glossaries-english.ldf 2014/11/23 v1.0
)
(/usr/share/texlive/texmf-dist/tex/latex/glossaries-french/glossaries-french.ld
f
File: glossaries-french.ldf 2016/12/12 v1.1
)
(/usr/share/texlive/texmf-dist/tex/latex/glossaries-spanish/glossaries-spanish.
ldf
File: glossaries-spanish.ldf 2014/11/23 v1.0

(/usr/share/texlive/texmf-dist/tex/latex/glossaries-spanish/glossaries-spanish-
utf8.ldf))
(/usr/share/texlive/texmf-dist/tex/latex/glossaries-portuges/glossaries-pt-BR.l
df
File: glossaries-pt-BR.ldf 2014/11/23 v1.0

(/usr/share/texlive/texmf-dist/tex/latex/glossaries-portuges/glossaries-portuge
s-utf8.ldf))
\gls@level=\count387
\@gls@tmpb=\toks42
\gls@tmplen=\skip267
\glskeylisttok=\toks43
\glslabeltok=\toks44
\glsshorttok=\toks45
\glslongtok=\toks46

(/usr/share/texlive/texmf-dist/tex/latex/glossaries/styles/glossary-hypernav.st
y
Package: glossary-hypernav 2021/11/01 v4.49 (NLCT)
) (/usr/share/texlive/texmf-dist/tex/latex/glossaries/styles/glossary-list.sty
Package: glossary-list 2021/11/01 v4.49 (NLCT)
\glslistdottedwidth=\skip268
) (/usr/share/texlive/texmf-dist/tex/latex/glossaries/styles/glossary-long.sty
Package: glossary-long 2021/11/01 v4.49 (NLCT)

(/usr/share/texlive/texmf-dist/tex/latex/tools/longtable.sty
Package: longtable 2021-09-01 v4.17 Multi-page Table package (DPC)
\LTleft=\skip269
\LTright=\skip270
\LTpre=\skip271
\LTpost=\skip272
\LTchunksize=\count388
\LTcapwidth=\dimen274
\LT@head=\box58
\LT@firsthead=\box59
\LT@foot=\box60
\LT@lastfoot=\box61
\LT@gbox=\box62
\LT@cols=\count389
\LT@rows=\count390
\c@LT@tables=\count391
\c@LT@chunks=\count392
\LT@p@ftn=\toks47
)
\glsdescwidth=\skip273
\glspagelistwidth=\skip274
)
(/usr/share/texlive/texmf-dist/tex/latex/glossaries/styles/glossary-tree.sty
Package: glossary-tree 2021/11/01 v4.49 (NLCT)
\glstreeindent=\skip275
))
(/usr/share/texlive/texmf-dist/tex/latex/nomencl/nomencl.sty
Package: nomencl 2021/11/10 v5.6 Nomenclature package

(/usr/share/texlive/texmf-dist/tex/latex/koma-script/tocbasic.sty
Package: tocbasic 2021/11/13 v3.35 KOMA-Script package (handling toc-files)

(/usr/share/texlive/texmf-dist/tex/latex/koma-script/scrbase.sty
Package: scrbase 2021/11/13 v3.35 KOMA-Script package (KOMA-Script-independent 
basics and keyval usage)

(/usr/share/texlive/texmf-dist/tex/latex/koma-script/scrlfile.sty
Package: scrlfile 2021/11/13 v3.35 KOMA-Script package (file load hooks)

(/usr/share/texlive/texmf-dist/tex/latex/koma-script/scrlfile-hook.sty
Package: scrlfile-hook 2021/11/13 v3.35 KOMA-Script package (using LaTeX hooks)


(/usr/share/texlive/texmf-dist/tex/latex/koma-script/scrlogo.sty
Package: scrlogo 2021/11/13 v3.35 KOMA-Script package (logo)
)))
Applying: [2021/05/01] Usage of raw or classic option list on input line 252.
Already applied: [0000/00/00] Usage of raw or classic option list on input line
 368.
)
\scr@dte@tocline@numberwidth=\skip276
\scr@dte@tocline@numbox=\box63
)
Package tocbasic Info: setting babel extension for `nlo' on input line 187.
Package tocbasic Info: setting babel extension for `nls' on input line 188.
\nomlabelwidth=\dimen275
\nom@tempdim=\dimen276
\nomitemsep=\skip277
)
(/usr/share/texlive/texmf-dist/tex/latex/sistyle/sistyle.sty
Package: sistyle 2008/07/16 v2.3a SI units and numbers (DNJ Els)
\ttoks@A=\toks48
\ttoks@B=\toks49
)
(/usr/share/texlive/texmf-dist/tex/latex/caption/caption.sty
Package: caption 2020/10/26 v3.5g Customizing captions (AR)

(/usr/share/texlive/texmf-dist/tex/latex/caption/caption3.sty
Package: caption3 2020/10/21 v2.2e caption3 kernel (AR)
\captionmargin=\dimen277
\captionmargin@=\dimen278
\captionwidth=\dimen279
\caption@tempdima=\dimen280
\caption@indent=\dimen281
\caption@parindent=\dimen282
\caption@hangindent=\dimen283
Package caption Info: memoir document class detected.
Package caption Info: french babel package is loaded.

(/usr/share/texlive/texmf-dist/tex/latex/caption/caption-memoir.sto
File: caption-memoir.sto 2020/10/10 v2.1 Adaption of the caption package to the
 memoir document class (AR)
))
\c@caption@flags=\count393
\c@continuedfloat=\count394
Package caption Info: changepage package is loaded.
\caption@adjustwidth@hsize=\dimen284
\caption@adjustwidth@linewidth=\dimen285
Package caption Info: hyperref package is loaded.
Package caption Info: longtable package is loaded.

(/usr/share/texlive/texmf-dist/tex/latex/caption/ltcaption.sty
Package: ltcaption 2020/05/30 v1.4b longtable captions (AR)
))
(/usr/share/texlive/texmf-dist/tex/latex/xtab/xtab.sty
Package: xtab 2011/07/31 v2.3f Extended supertabular package
\c@tracingst=\count395
\PWSTcapht=\dimen286
\ST@wd=\dimen287
\ST@rightskip=\skip278
\ST@leftskip=\skip279
\ST@parfillskip=\skip280
\c@PWSTtable=\count396
\PWSTlastpage=\count397
\PWSTpenultimate=\count398
\PWSTcurpage=\count399
\PWSTtempc=\count400
\PWSTlines=\count401
\PWST@lastht=\dimen288
\PWST@generalht=\dimen289
\PWST@ht=\dimen290
\ST@pageleft=\dimen291
\ST@headht=\dimen292
\ST@tailht=\dimen293
\ST@pagesofar=\dimen294
\ST@pboxht=\dimen295
\ST@lineht=\dimen296
\ST@stretchht=\dimen297
\ST@prevht=\dimen298
\ST@toadd=\dimen299
\ST@dimen=\dimen300
\ST@pbox=\box64
)
(/usr/share/texlive/texmf-dist/tex/latex/tools/indentfirst.sty
Package: indentfirst 1995/11/23 v1.03 Indent first paragraph (DPC)
)
(/usr/share/texlive/texmf-dist/tex/latex/morewrites/morewrites.sty
(/usr/share/texlive/texmf-dist/tex/latex/l3kernel/expl3.sty
Package: expl3 2022-01-21 L3 programming layer (loader) 

(/usr/share/texlive/texmf-dist/tex/latex/l3backend/l3backend-pdftex.def
File: l3backend-pdftex.def 2022-01-12 L3 backend support: PDF output (pdfTeX)
\l__color_backend_stack_int=\count402
\l__pdf_internal_box=\box65
))
(/usr/share/texlive/texmf-dist/tex/latex/morewrites/primargs.sty
Package: primargs 2018/12/29 Parsing arguments of primitives
)
Package: morewrites 2018/12/29 Always room for a new write
\g__morewrites_later_int=\count403
\l__morewrites_user_int=\count404
\g__morewrites_iow=\write4
\g__morewrites_ior=\read4
\g__morewrites_group_level_int=\count405
\g__morewrites_shipout_box=\box66
\l__morewrites_collect_next_int=\count406
\g__morewrites_alloc_write_int=\count407
)
Package hyperref Info: Option `breaklinks' set `true' on input line 161.
Package hyperref Info: Option `colorlinks' set `true' on input line 161.
Package hyperref Info: Option `bookmarksopen' set `true' on input line 161.
Package hyperref Info: Option `bookmarksnumbered' set `true' on input line 161.

Package hyperref Info: Option `pdfdisplaydoctitle' set `true' on input line 161
.

(/usr/share/texlive/texmf-dist/tex/latex/psnfss/times.sty
Package: times 2020/03/25 PSNFSS-v9.3 (SPQR) 
)
(/usr/share/texlive/texmf-dist/tex/latex/psnfss/helvet.sty
Package: helvet 2020/03/25 PSNFSS-v9.3 (WaS) 
)
*geometry* verbose mode - [ newgeometry ] result:
* driver: 
* paper: a4paper
* layout: <same size as paper>
* layoutoffset:(h,v)=(0.0pt,0.0pt)
* modes: 
* h-part:(L,W,R)=(85.35826pt, 455.24411pt, 56.9055pt)
* v-part:(T,H,B)=(85.35826pt, 724.12265pt, 35.56593pt)
* \paperwidth=597.50787pt
* \paperheight=845.04684pt
* \textwidth=455.24411pt
* \textheight=724.12265pt
* \oddsidemargin=13.08827pt
* \evensidemargin=13.08827pt
* \topmargin=-43.81721pt
* \headheight=28.45274pt
* \headsep=28.45274pt
* \topskip=12.0pt
* \footskip=14.22636pt
* \marginparwidth=42.9055pt
* \marginparsep=7.0pt
* \columnsep=10.0pt
* \skip\footins=12.0pt plus 4.0pt minus 4.0pt
* \hoffset=0.0pt
* \voffset=0.0pt
* \mag=1000
* \@twocolumnfalse
* \@twosidefalse
* \@mparswitchfalse
* \@reversemarginfalse
* (1in=72.27pt=25.4mm, 1cm=28.453pt)

\linha=\skip281

(/usr/share/texlive/texmf-dist/tex/latex/pdfpages/pdfpages.sty
Package: pdfpages 2022/01/29 v0.5u Insert pages of external PDF documents (AM)

(/usr/share/texlive/texmf-dist/tex/latex/eso-pic/eso-pic.sty
Package: eso-pic 2020/10/14 v3.0a eso-pic (RN)
\ESO@tempdima=\dimen301
\ESO@tempdimb=\dimen302
)
\AM@pagewidth=\dimen303
\AM@pageheight=\dimen304
\AM@fboxrule=\dimen305

(/usr/share/texlive/texmf-dist/tex/latex/pdfpages/pppdftex.def
File: pppdftex.def 2022/01/29 v0.5u Pdfpages driver for pdfTeX (AM)
)
\pdfpages@includegraphics@status=\count408
\AM@pagebox=\box67
\AM@global@opts=\toks50
\AM@pagecnt=\count409
\AM@toc@title=\toks51
\c@AM@survey=\count410
\AM@templatesizebox=\box68
)
(/usr/share/texlive/texmf-dist/tex/latex/ccicons/ccicons.sty
Package: ccicons 2017/10/30 v1.6 LaTeX support for Creative Commons icons
)
\c@loadepth=\count411
\c@algorithm=\count412
\cftbeforealgorithmskip=\skip282
\cftalgorithmindent=\skip283
\cftalgorithmnumwidth=\skip284

(/usr/share/texlive/texmf-dist/tex/latex/listings/listings.sty
\lst@mode=\count413
\lst@gtempboxa=\box69
\lst@token=\toks52
\lst@length=\count414
\lst@currlwidth=\dimen306
\lst@column=\count415
\lst@pos=\count416
\lst@lostspace=\dimen307
\lst@width=\dimen308
\lst@newlines=\count417
\lst@lineno=\count418
\lst@maxwidth=\dimen309

(/usr/share/texlive/texmf-dist/tex/latex/listings/lstmisc.sty
File: lstmisc.sty 2020/03/24 1.8d (Carsten Heinz)
\c@lstnumber=\count419
\lst@skipnumbers=\count420
\lst@framebox=\box70
)
(/usr/share/texlive/texmf-dist/tex/latex/listings/listings.cfg
File: listings.cfg 2020/03/24 1.8d listings configuration
))
Package: listings 2020/03/24 1.8d (Carsten Heinz)
\c@sourcecode=\count421
\c@locdepth=\count422
\cftbeforesourcecodeskip=\skip285
\cftsourcecodeindent=\skip286
\cftsourcecodenumwidth=\skip287
\c@lopdepth=\count423
\c@photograph=\count424
\cftbeforephotographskip=\skip288
\cftphotographindent=\skip289
\cftphotographnumwidth=\skip290
\c@logedepth=\count425
\c@geralgraph=\count426
\cftbeforegeralgraphskip=\skip291
\cftgeralgraphindent=\skip292
\cftgeralgraphnumwidth=\skip293
\c@lohdepth=\count427
\c@graph=\count428
\cftbeforegraphskip=\skip294
\cftgraphindent=\skip295
\cftgraphnumwidth=\skip296
\c@loddepth=\count429
\c@tabframed=\count430
\cftbeforetabframedskip=\skip297
\cfttabframedindent=\skip298
\cfttabframednumwidth=\skip299
\rmnomlabel=\skip300
runsystem(makeindex main.idx)...executed safely (allowed).

runsystem(makeindex -s main.ist -t main.glg -o main.gls main.glo)...executed sa
fely (allowed).

runsystem(makeindex -s main.ist -t main.alg -o main.acr main.acn)...executed sa
fely (allowed).

runsystem(makeindex -s main.ist -t main.alg2 -o main.acr2 main.acn2)...executed
 safely (allowed).

runsystem(makeindex -s main.ist -t main.alg3 -o main.acr3 main.acn3)...executed
 safely (allowed).

runsystem(makeindex main.nlo -s nomencl.ist -o main.nls)...executed safely (all
owed).


(/usr/share/texmf/tex/latex/titlesec.sty
Package: titlesec 2023/10/27 v2.16 Sectioning titles
\ttl@box=\box71
\beforetitleunit=\skip301
\aftertitleunit=\skip302
\ttl@plus=\dimen310
\ttl@minus=\dimen311
\ttl@toksa=\toks53
\titlewidth=\dimen312
\titlewidthlast=\dimen313
\titlewidthfirst=\dimen314
)
(/usr/share/texlive/texmf-dist/tex/generic/ulem/ulem.sty
\UL@box=\box72
\UL@hyphenbox=\box73
\UL@skip=\skip303
\UL@hook=\toks54
\UL@height=\dimen315
\UL@pe=\count431
\UL@pixel=\dimen316
\ULC@box=\box74
Package: ulem 2019/11/18
\ULdepth=\dimen317
))
(/usr/share/texlive/texmf-dist/tex/latex/pdfx/pdfx.sty
Package: pdfx 2019/02/27 v1.6.3 PDF/X and PDF/A support (CVR/HTH/RRM/PS)
\pdfx@minorversion=\count432

(/usr/share/texlive/texmf-dist/tex/latex/everyshi/everyshi.sty
Package: everyshi 2020/11/18 v4.00 EveryShipout Package
)
(/usr/share/texlive/texmf-dist/tex/generic/iftex/ifluatex.sty
Package: ifluatex 2019/10/25 v1.5 ifluatex legacy package. Use iftex instead.
){/var/lib/texmf/fonts/map/pdftex/updmap/pdftex.map}
(/usr/share/texlive/texmf-dist/tex/latex/pdfx/l8u-penc.def
File: l8u-penc.def 2017/06/23 v0.8 Custom LaTeX file, for UTF8 encoded letters 
and symbols
LaTeX Info: Composite with undeclared \b in encoding L8U on input line 278.

(/usr/share/texlive/texmf-dist/tex/latex/pdfx/l8ugrk-penc.def
File: l8ugrk-penc.def 2018/11/28 v0.6 Greek support for UTF8 in XMP metadata
)
(/usr/share/texlive/texmf-dist/tex/latex/pdfx/l8umath-penc.def
File: l8umath-penc.def 2017/06/23 v0.6 Custom LaTeX file, for UTF8 encoded math
 symbols
))
\pdfxsafeforxmp@toks=\toks55

(/usr/share/texlive/texmf-dist/tex/latex/xcolor/xcolor.sty
Package: xcolor 2021/10/31 v2.13 LaTeX color extensions (UK)

(/usr/share/texlive/texmf-dist/tex/latex/graphics-cfg/color.cfg
File: color.cfg 2016/01/02 v1.6 sample color configuration
)
Package xcolor Info: Driver file: pdftex.def on input line 227.
LaTeX Info: Redefining \color on input line 711.
Package xcolor Info: Model `cmy' substituted by `cmy0' on input line 1352.
Package xcolor Info: Model `hsb' substituted by `rgb' on input line 1356.
Package xcolor Info: Model `RGB' extended on input line 1368.
Package xcolor Info: Model `HTML' substituted by `rgb' on input line 1370.
Package xcolor Info: Model `Hsb' substituted by `hsb' on input line 1371.
Package xcolor Info: Model `tHsb' substituted by `hsb' on input line 1372.
Package xcolor Info: Model `HSB' substituted by `hsb' on input line 1373.
Package xcolor Info: Model `Gray' substituted by `gray' on input line 1374.
Package xcolor Info: Model `wave' substituted by `hsb' on input line 1375.
)
\pdfx@tmptoks=\toks56


Package hyperref Warning: Option `pdftex' has already been used,
(hyperref)                setting the option has no effect on input line 1461.

Package hyperref Info: Option `unicode' set `true' on input line 1463.
(/usr/share/texlive/texmf-dist/tex/generic/stringenc/stringenc.sty
Package: stringenc 2019/11/29 v1.12 Convert strings between diff. encodings (HO
)
)
Package hyperref Info: Option `psdextra' set `true' on input line 1465.

(/usr/share/texlive/texmf-dist/tex/latex/hyperref/puenc-greekbasic.def
File: puenc-greekbasic.def 2021-06-07 v7.00m Hyperref: PDF Unicode definition (
greek block) (HO)
)
(/usr/share/texlive/texmf-dist/tex/latex/hyperref/psdextra.def
File: psdextra.def 2021-06-07 v7.00m Hyperref: Additions to PDF string support
)
(/usr/share/texlive/texmf-dist/tex/generic/colorprofiles/colorprofiles.sty
Package: colorprofiles 2018/11/01 v1.0.1 color profiles for PDF/X and PDF/A sup
port

(/usr/share/texlive/texmf-dist/tex/generic/colorprofiles/colorprofiles.tex))
(/usr/share/texlive/texmf-dist/tex/generic/stringenc/se-pdfdoc.def
File: se-pdfdoc.def 2019/11/29 v1.12 stringenc: PDFDocEncoding
)
(/usr/share/texlive/texmf-dist/tex/latex/pdfx/AdobeColorProfiles.tex)
(/usr/share/texlive/texmf-dist/tex/latex/pdfx/8bit.def
File: 8bit.def 2008/03/30 v1.1d Input encoding file
)
** pdfx: No file main.xmpdata . Metadata will be incomplete!
<<sRGB.icc>> (/usr/share/texlive/texmf-dist/tex/latex/pdfx/8bit.def
File: 8bit.def 2008/03/30 v1.1d Input encoding file
)
Package hyperref Info: Option `unicode' set `true' on input line 2411.
Package hyperref Info: Option `unicode' set `true' on input line 2412.

(/usr/share/texlive/texmf-dist/tex/generic/pdftex/glyphtounicode.tex)
(/usr/share/texlive/texmf-dist/tex/latex/pdfx/glyphtounicode-cmr.tex)
(/usr/share/texlive/texmf-dist/tex/latex/pdfx/glyphtounicode-ntx.tex)
(/usr/share/texlive/texmf-dist/tex/latex/xmpincl/xmpincl.sty
Package: xmpincl 2021/09/22 v2.4 Include XMP data in pdflatex
)
(/usr/share/texlive/texmf-dist/tex/latex/pdfx/8bit.def
File: 8bit.def 2008/03/30 v1.1d Input encoding file
)
Using XMP template file: pdfa.xmp
\xmpinclWrite=\write19
\xmpinclRead=\read5
\openout4 = `pdfa.xmpi'.

\openout4 = `main.mw'.

\openout4 = `main.mw'.

\openout4 = `main.mw'.

\openout4 = `main.mw'.

\openout4 = `main.mw'.

\openout4 = `main.mw'.

\openout4 = `main.mw'.

\openout4 = `main.mw'.

\openout4 = `main.mw'.

\openout4 = `main.mw'.

\openout4 = `main.mw'.

\openout4 = `main.mw'.

\openout4 = `main.mw'.

\openout4 = `main.mw'.

\openout4 = `main.mw'.

\openout4 = `main.mw'.

\openout4 = `main.mw'.

\openout4 = `main.mw'.

\openout4 = `main.mw'.

\openout4 = `main.mw'.

\openout4 = `main.mw'.

\openout4 = `main.mw'.

\openout4 = `main.mw'.

\openout4 = `main.mw'.

\openout4 = `main.mw'.

\openout4 = `main.mw'.

\openout4 = `main.mw'.

\openout4 = `main.mw'.

\openout4 = `main.mw'.

\openout4 = `main.mw'.

\openout4 = `main.mw'.

\openout4 = `main.mw'.

\openout4 = `main.mw'.

\openout4 = `main.mw'.

\openout4 = `main.mw'.

\openout4 = `main.mw'.

\openout4 = `main.mw'.

\openout4 = `main.mw'.

\openout4 = `main.mw'.

\openout4 = `main.mw'.

\openout4 = `main.mw'.

\openout4 = `main.mw'.

\openout4 = `main.mw'.

\openout4 = `main.mw'.

\openout4 = `main.mw'.

\openout4 = `main.mw'.

\openout4 = `main.mw'.

\openout4 = `main.mw'.

\openout4 = `main.mw'.

\openout4 = `main.mw'.

\openout4 = `main.mw'.

\openout4 = `main.mw'.

\openout4 = `main.mw'.

\openout4 = `main.mw'.

\openout4 = `main.mw'.

\openout4 = `main.mw'.

\openout4 = `main.mw'.

\openout4 = `main.mw'.

\openout4 = `main.mw'.

\openout4 = `main.mw'.

\openout4 = `main.mw'.

\openout4 = `main.mw'.

\openout4 = `main.mw'.

\openout4 = `main.mw'.

\openout4 = `main.mw'.

\openout4 = `main.mw'.

\openout4 = `main.mw'.

\openout4 = `main.mw'.

\openout4 = `main.mw'.

\openout4 = `main.mw'.

\openout4 = `main.mw'.

\openout4 = `main.mw'.

\openout4 = `main.mw'.

\openout4 = `main.mw'.

\openout4 = `main.mw'.

\openout4 = `main.mw'.

\openout4 = `main.mw'.

\openout4 = `main.mw'.

\openout4 = `main.mw'.

\openout4 = `main.mw'.

\openout4 = `main.mw'.

\openout4 = `main.mw'.

\openout4 = `main.mw'.

\openout4 = `main.mw'.

\openout4 = `main.mw'.

\openout4 = `main.mw'.

\openout4 = `main.mw'.

\openout4 = `main.mw'.

\openout4 = `main.mw'.

\openout4 = `main.mw'.

\openout4 = `main.mw'.

\openout4 = `main.mw'.

\openout4 = `main.mw'.

\openout4 = `main.mw'.

\openout4 = `main.mw'.

\openout4 = `main.mw'.

\openout4 = `main.mw'.

\openout4 = `main.mw'.

\openout4 = `main.mw'.

\openout4 = `main.mw'.

\openout4 = `main.mw'.

\openout4 = `main.mw'.

\openout4 = `main.mw'.

\openout4 = `main.mw'.

\openout4 = `main.mw'.

\openout4 = `main.mw'.

\openout4 = `main.mw'.

\openout4 = `main.mw'.

\openout4 = `main.mw'.

\openout4 = `main.mw'.

\openout4 = `main.mw'.

\openout4 = `main.mw'.

\openout4 = `main.mw'.

\openout4 = `main.mw'.

\openout4 = `main.mw'.

\openout4 = `main.mw'.

\openout4 = `main.mw'.

\openout4 = `main.mw'.

\openout4 = `main.mw'.

\openout4 = `main.mw'.

\openout4 = `main.mw'.

\openout4 = `main.mw'.

\openout4 = `main.mw'.

\openout4 = `main.mw'.

\openout4 = `main.mw'.

\openout4 = `main.mw'.

\openout4 = `main.mw'.

\openout4 = `main.mw'.

\openout4 = `main.mw'.

\openout4 = `main.mw'.

\openout4 = `main.mw'.

\openout4 = `main.mw'.

\openout4 = `main.mw'.

\openout4 = `main.mw'.

\openout4 = `main.mw'.

\openout4 = `main.mw'.

\openout4 = `main.mw'.

\openout4 = `main.mw'.

\openout4 = `main.mw'.

\openout4 = `main.mw'.

\openout4 = `main.mw'.

\openout4 = `main.mw'.

\openout4 = `main.mw'.

\openout4 = `main.mw'.

\openout4 = `main.mw'.

\openout4 = `main.mw'.

\openout4 = `main.mw'.

\openout4 = `main.mw'.

\openout4 = `main.mw'.

\openout4 = `main.mw'.

\openout4 = `main.mw'.

\openout4 = `main.mw'.

\openout4 = `main.mw'.

\openout4 = `main.mw'.

\openout4 = `main.mw'.

\openout4 = `main.mw'.

\openout4 = `main.mw'.

\openout4 = `main.mw'.

\openout4 = `main.mw'.

\openout4 = `main.mw'.

\openout4 = `main.mw'.

\openout4 = `main.mw'.

\openout4 = `main.mw'.

\openout4 = `main.mw'.

\openout4 = `pdfa.xmpi'.

<<pdfa.xmpi>>) (./configuracoes.tex
(/usr/share/texlive/texmf-dist/tex/latex/multirow/bigdelim.sty
Package: bigdelim 2021/03/15 v2.8 Create big delimiters in tabular or array

(/usr/share/texlive/texmf-dist/tex/latex/multirow/multirow.sty
Package: multirow 2021/03/15 v2.8 Span multiple rows of a table
\multirow@colwidth=\skip304
\multirow@cntb=\count433
\multirow@dima=\skip305
\bigstrutjot=\dimen318
))
(/usr/share/texlive/texmf-dist/tex/latex/colortbl/colortbl.sty
Package: colortbl 2020/01/04 v1.0e Color table columns (DPC)
\everycr=\toks57
\minrowclearance=\skip306
)
(/usr/share/texlive/texmf-dist/tex/latex/amsfonts/amssymb.sty
Package: amssymb 2013/01/14 v3.01 AMS font symbols

(/usr/share/texlive/texmf-dist/tex/latex/amsfonts/amsfonts.sty
Package: amsfonts 2013/01/14 v3.01 Basic AMSFonts support
\symAMSa=\mathgroup4
\symAMSb=\mathgroup5
LaTeX Font Info:    Redeclaring math symbol \hbar on input line 98.
LaTeX Font Info:    Overwriting math alphabet `\mathfrak' in version `bold'
(Font)                  U/euf/m/n --> U/euf/b/n on input line 106.
))
(/usr/share/texlive/texmf-dist/tex/latex/amscls/amsthm.sty
Package: amsthm 2020/05/29 v2.20.6
\thm@style=\toks58
\thm@bodyfont=\toks59
\thm@headfont=\toks60
\thm@notefont=\toks61
\thm@headpunct=\toks62
\thm@preskip=\skip307
\thm@postskip=\skip308
\thm@headsep=\skip309
\dth@everypar=\toks63
)
(/usr/share/texlive/texmf-dist/tex/latex/was/icomma.sty
Package: icomma 2002/03/10 v2.0 (WaS)
)
(/usr/share/texlive/texmf-dist/tex/latex/psnfss/pifont.sty
Package: pifont 2020/03/25 PSNFSS-v9.3 Pi font support (SPQR) 
LaTeX Font Info:    Trying to load font information for U+pzd on input line 63.


(/usr/share/texlive/texmf-dist/tex/latex/psnfss/upzd.fd
File: upzd.fd 2001/06/04 font definitions for U/pzd.
)
LaTeX Font Info:    Trying to load font information for U+psy on input line 64.


(/usr/share/texlive/texmf-dist/tex/latex/psnfss/upsy.fd
File: upsy.fd 2001/06/04 font definitions for U/psy.
))
(/usr/share/texlive/texmf-dist/tex/latex/base/textcomp.sty
Package: textcomp 2020/02/02 v2.0n Standard LaTeX package
)
(/usr/share/texlive/texmf-dist/tex/latex/wasysym/wasysym.sty
Package: wasysym 2020/01/19 v2.4 Wasy-2 symbol support package
\symwasy=\mathgroup6
LaTeX Font Info:    Overwriting symbol font `wasy' in version `bold'
(Font)                  U/wasy/m/n --> U/wasy/b/n on input line 93.
)
(/usr/share/texlive/texmf-dist/tex/latex/lipsum/lipsum.sty
(/usr/share/texlive/texmf-dist/tex/latex/l3packages/l3keys2e/l3keys2e.sty
Package: l3keys2e 2022-01-12 LaTeX2e option processing using LaTeX3 keys
)
Package: lipsum 2021-09-20 v2.7 150 paragraphs of Lorem Ipsum dummy text
\g__lipsum_par_int=\count434
\l__lipsum_a_int=\count435
\l__lipsum_b_int=\count436

(/usr/share/texlive/texmf-dist/tex/latex/lipsum/lipsum.ltd.tex))
(/usr/share/texlive/texmf-dist/tex/latex/subfig/subfig.sty
Package: subfig 2005/06/28 ver: 1.3 subfig package
\c@KVtest=\count437
\sf@farskip=\skip310
\sf@captopadj=\dimen319
\sf@capskip=\skip311
\sf@nearskip=\skip312
\c@subfigure=\count438
\c@subfigure@save=\count439
\c@subtable=\count440
\c@subtable@save=\count441
\sf@top=\skip313
\sf@bottom=\skip314
)
(/usr/share/texlive/texmf-dist/tex/latex/tools/xspace.sty
Package: xspace 2014/10/28 v1.13 Space after command names (DPC,MH)
)
\glswrite=\write20
\glo@main@file=\write21
\openout4 = `main.glo'.

Package glossaries Info: Writing glossary file main.glo on input line 108.
\glo@acronym@file=\write22
\openout4 = `main.acn'.

Package glossaries Info: Writing glossary file main.acn on input line 108.
\glo@sigla@file=\write23
\openout4 = `main.acn2'.

Package glossaries Info: Writing glossary file main.acn2 on input line 108.
\glo@abreviatura@file=\write24
\openout4 = `main.acn3'.

Package glossaries Info: Writing glossary file main.acn3 on input line 108.

(/usr/share/texlive/texmf-dist/tex/latex/tcolorbox/tcolorbox.sty
Package: tcolorbox 2022/01/07 version 5.0.2 text color boxes

(/usr/share/texlive/texmf-dist/tex/latex/pgf/basiclayer/pgf.sty
(/usr/share/texlive/texmf-dist/tex/latex/pgf/utilities/pgfrcs.sty
(/usr/share/texlive/texmf-dist/tex/generic/pgf/utilities/pgfutil-common.tex
\pgfutil@everybye=\toks64
\pgfutil@tempdima=\dimen320
\pgfutil@tempdimb=\dimen321

(/usr/share/texlive/texmf-dist/tex/generic/pgf/utilities/pgfutil-common-lists.t
ex)) (/usr/share/texlive/texmf-dist/tex/generic/pgf/utilities/pgfutil-latex.def
\pgfutil@abb=\box75
) (/usr/share/texlive/texmf-dist/tex/generic/pgf/utilities/pgfrcs.code.tex
(/usr/share/texlive/texmf-dist/tex/generic/pgf/pgf.revision.tex)
Package: pgfrcs 2021/05/15 v3.1.9a (3.1.9a)
))
Package: pgf 2021/05/15 v3.1.9a (3.1.9a)

(/usr/share/texlive/texmf-dist/tex/latex/pgf/basiclayer/pgfcore.sty
(/usr/share/texlive/texmf-dist/tex/latex/pgf/systemlayer/pgfsys.sty
(/usr/share/texlive/texmf-dist/tex/generic/pgf/systemlayer/pgfsys.code.tex
Package: pgfsys 2021/05/15 v3.1.9a (3.1.9a)

(/usr/share/texlive/texmf-dist/tex/generic/pgf/utilities/pgfkeys.code.tex
\pgfkeys@pathtoks=\toks65
\pgfkeys@temptoks=\toks66

(/usr/share/texlive/texmf-dist/tex/generic/pgf/utilities/pgfkeysfiltered.code.t
ex
\pgfkeys@tmptoks=\toks67
))
\pgf@x=\dimen322
\pgf@y=\dimen323
\pgf@xa=\dimen324
\pgf@ya=\dimen325
\pgf@xb=\dimen326
\pgf@yb=\dimen327
\pgf@xc=\dimen328
\pgf@yc=\dimen329
\pgf@xd=\dimen330
\pgf@yd=\dimen331
\w@pgf@writea=\write25
\r@pgf@reada=\read6
\c@pgf@counta=\count442
\c@pgf@countb=\count443
\c@pgf@countc=\count444
\c@pgf@countd=\count445
\t@pgf@toka=\toks68
\t@pgf@tokb=\toks69
\t@pgf@tokc=\toks70
\pgf@sys@id@count=\count446
 (/usr/share/texlive/texmf-dist/tex/generic/pgf/systemlayer/pgf.cfg
File: pgf.cfg 2021/05/15 v3.1.9a (3.1.9a)
)
Driver file for pgf: pgfsys-pdftex.def

(/usr/share/texlive/texmf-dist/tex/generic/pgf/systemlayer/pgfsys-pdftex.def
File: pgfsys-pdftex.def 2021/05/15 v3.1.9a (3.1.9a)

(/usr/share/texlive/texmf-dist/tex/generic/pgf/systemlayer/pgfsys-common-pdf.de
f
File: pgfsys-common-pdf.def 2021/05/15 v3.1.9a (3.1.9a)
)))
(/usr/share/texlive/texmf-dist/tex/generic/pgf/systemlayer/pgfsyssoftpath.code.
tex
File: pgfsyssoftpath.code.tex 2021/05/15 v3.1.9a (3.1.9a)
\pgfsyssoftpath@smallbuffer@items=\count447
\pgfsyssoftpath@bigbuffer@items=\count448
)
(/usr/share/texlive/texmf-dist/tex/generic/pgf/systemlayer/pgfsysprotocol.code.
tex
File: pgfsysprotocol.code.tex 2021/05/15 v3.1.9a (3.1.9a)
))
(/usr/share/texlive/texmf-dist/tex/generic/pgf/basiclayer/pgfcore.code.tex
Package: pgfcore 2021/05/15 v3.1.9a (3.1.9a)

(/usr/share/texlive/texmf-dist/tex/generic/pgf/math/pgfmath.code.tex
(/usr/share/texlive/texmf-dist/tex/generic/pgf/math/pgfmathcalc.code.tex
(/usr/share/texlive/texmf-dist/tex/generic/pgf/math/pgfmathutil.code.tex)
(/usr/share/texlive/texmf-dist/tex/generic/pgf/math/pgfmathparser.code.tex
\pgfmath@dimen=\dimen332
\pgfmath@count=\count449
\pgfmath@box=\box76
\pgfmath@toks=\toks71
\pgfmath@stack@operand=\toks72
\pgfmath@stack@operation=\toks73
)
(/usr/share/texlive/texmf-dist/tex/generic/pgf/math/pgfmathfunctions.code.tex
(/usr/share/texlive/texmf-dist/tex/generic/pgf/math/pgfmathfunctions.basic.code
.tex)
(/usr/share/texlive/texmf-dist/tex/generic/pgf/math/pgfmathfunctions.trigonomet
ric.code.tex)
(/usr/share/texlive/texmf-dist/tex/generic/pgf/math/pgfmathfunctions.random.cod
e.tex)
(/usr/share/texlive/texmf-dist/tex/generic/pgf/math/pgfmathfunctions.comparison
.code.tex)
(/usr/share/texlive/texmf-dist/tex/generic/pgf/math/pgfmathfunctions.base.code.
tex)
(/usr/share/texlive/texmf-dist/tex/generic/pgf/math/pgfmathfunctions.round.code
.tex)
(/usr/share/texlive/texmf-dist/tex/generic/pgf/math/pgfmathfunctions.misc.code.
tex)
(/usr/share/texlive/texmf-dist/tex/generic/pgf/math/pgfmathfunctions.integerari
thmetics.code.tex)))
(/usr/share/texlive/texmf-dist/tex/generic/pgf/math/pgfmathfloat.code.tex
\c@pgfmathroundto@lastzeros=\count450
))
(/usr/share/texlive/texmf-dist/tex/generic/pgf/math/pgfint.code.tex)
(/usr/share/texlive/texmf-dist/tex/generic/pgf/basiclayer/pgfcorepoints.code.te
x
File: pgfcorepoints.code.tex 2021/05/15 v3.1.9a (3.1.9a)
\pgf@picminx=\dimen333
\pgf@picmaxx=\dimen334
\pgf@picminy=\dimen335
\pgf@picmaxy=\dimen336
\pgf@pathminx=\dimen337
\pgf@pathmaxx=\dimen338
\pgf@pathminy=\dimen339
\pgf@pathmaxy=\dimen340
\pgf@xx=\dimen341
\pgf@xy=\dimen342
\pgf@yx=\dimen343
\pgf@yy=\dimen344
\pgf@zx=\dimen345
\pgf@zy=\dimen346
)
(/usr/share/texlive/texmf-dist/tex/generic/pgf/basiclayer/pgfcorepathconstruct.
code.tex
File: pgfcorepathconstruct.code.tex 2021/05/15 v3.1.9a (3.1.9a)
\pgf@path@lastx=\dimen347
\pgf@path@lasty=\dimen348
)
(/usr/share/texlive/texmf-dist/tex/generic/pgf/basiclayer/pgfcorepathusage.code
.tex
File: pgfcorepathusage.code.tex 2021/05/15 v3.1.9a (3.1.9a)
\pgf@shorten@end@additional=\dimen349
\pgf@shorten@start@additional=\dimen350
)
(/usr/share/texlive/texmf-dist/tex/generic/pgf/basiclayer/pgfcorescopes.code.te
x
File: pgfcorescopes.code.tex 2021/05/15 v3.1.9a (3.1.9a)
\pgfpic=\box77
\pgf@hbox=\box78
\pgf@layerbox@main=\box79
\pgf@picture@serial@count=\count451
)
(/usr/share/texlive/texmf-dist/tex/generic/pgf/basiclayer/pgfcoregraphicstate.c
ode.tex
File: pgfcoregraphicstate.code.tex 2021/05/15 v3.1.9a (3.1.9a)
\pgflinewidth=\dimen351
)
(/usr/share/texlive/texmf-dist/tex/generic/pgf/basiclayer/pgfcoretransformation
s.code.tex
File: pgfcoretransformations.code.tex 2021/05/15 v3.1.9a (3.1.9a)
\pgf@pt@x=\dimen352
\pgf@pt@y=\dimen353
\pgf@pt@temp=\dimen354
)
(/usr/share/texlive/texmf-dist/tex/generic/pgf/basiclayer/pgfcorequick.code.tex
File: pgfcorequick.code.tex 2021/05/15 v3.1.9a (3.1.9a)
)
(/usr/share/texlive/texmf-dist/tex/generic/pgf/basiclayer/pgfcoreobjects.code.t
ex
File: pgfcoreobjects.code.tex 2021/05/15 v3.1.9a (3.1.9a)
)
(/usr/share/texlive/texmf-dist/tex/generic/pgf/basiclayer/pgfcorepathprocessing
.code.tex
File: pgfcorepathprocessing.code.tex 2021/05/15 v3.1.9a (3.1.9a)
)
(/usr/share/texlive/texmf-dist/tex/generic/pgf/basiclayer/pgfcorearrows.code.te
x
File: pgfcorearrows.code.tex 2021/05/15 v3.1.9a (3.1.9a)
\pgfarrowsep=\dimen355
)
(/usr/share/texlive/texmf-dist/tex/generic/pgf/basiclayer/pgfcoreshade.code.tex
File: pgfcoreshade.code.tex 2021/05/15 v3.1.9a (3.1.9a)
\pgf@max=\dimen356
\pgf@sys@shading@range@num=\count452
\pgf@shadingcount=\count453
)
(/usr/share/texlive/texmf-dist/tex/generic/pgf/basiclayer/pgfcoreimage.code.tex
File: pgfcoreimage.code.tex 2021/05/15 v3.1.9a (3.1.9a)

(/usr/share/texlive/texmf-dist/tex/generic/pgf/basiclayer/pgfcoreexternal.code.
tex
File: pgfcoreexternal.code.tex 2021/05/15 v3.1.9a (3.1.9a)
\pgfexternal@startupbox=\box80
))
(/usr/share/texlive/texmf-dist/tex/generic/pgf/basiclayer/pgfcorelayers.code.te
x
File: pgfcorelayers.code.tex 2021/05/15 v3.1.9a (3.1.9a)
)
(/usr/share/texlive/texmf-dist/tex/generic/pgf/basiclayer/pgfcoretransparency.c
ode.tex
File: pgfcoretransparency.code.tex 2021/05/15 v3.1.9a (3.1.9a)
)
(/usr/share/texlive/texmf-dist/tex/generic/pgf/basiclayer/pgfcorepatterns.code.
tex
File: pgfcorepatterns.code.tex 2021/05/15 v3.1.9a (3.1.9a)
)
(/usr/share/texlive/texmf-dist/tex/generic/pgf/basiclayer/pgfcorerdf.code.tex
File: pgfcorerdf.code.tex 2021/05/15 v3.1.9a (3.1.9a)
)))
(/usr/share/texlive/texmf-dist/tex/generic/pgf/modules/pgfmoduleshapes.code.tex
File: pgfmoduleshapes.code.tex 2021/05/15 v3.1.9a (3.1.9a)
\pgfnodeparttextbox=\box81
) (/usr/share/texlive/texmf-dist/tex/generic/pgf/modules/pgfmoduleplot.code.tex
File: pgfmoduleplot.code.tex 2021/05/15 v3.1.9a (3.1.9a)
)
(/usr/share/texlive/texmf-dist/tex/latex/pgf/compatibility/pgfcomp-version-0-65
.sty
Package: pgfcomp-version-0-65 2021/05/15 v3.1.9a (3.1.9a)
\pgf@nodesepstart=\dimen357
\pgf@nodesepend=\dimen358
)
(/usr/share/texlive/texmf-dist/tex/latex/pgf/compatibility/pgfcomp-version-1-18
.sty
Package: pgfcomp-version-1-18 2021/05/15 v3.1.9a (3.1.9a)
)) (/usr/share/texlive/texmf-dist/tex/latex/environ/environ.sty
Package: environ 2014/05/04 v0.3 A new way to define environments

(/usr/share/texlive/texmf-dist/tex/latex/trimspaces/trimspaces.sty
Package: trimspaces 2009/09/17 v1.1 Trim spaces around a token list
))
\tcb@titlebox=\box82
\tcb@upperbox=\box83
\tcb@lowerbox=\box84
\tcb@phantombox=\box85
\c@tcbbreakpart=\count454
\c@tcblayer=\count455
\c@tcolorbox@number=\count456
\tcb@temp=\box86
\tcb@temp=\box87
\tcb@temp=\box88
\tcb@temp=\box89
))
(./variaveis.tex)
\main@idxfile=\write26
\openout4 = `main.idx'.


Writing index file main.idx 

LaTeX Warning: \include should only be used after \begin{document} on input lin
e 99.

(./PreTexto/entradas-siglas.tex)

LaTeX Warning: \include should only be used after \begin{document} on input lin
e 100.

(./PosTexto/entradas-glossario.tex)
\@nomenclaturefile=\write27
\openout4 = `main.nlo'.

Package nomencl Info: Writing nomenclature file main.nlo on input line 103.
LaTeX Font Info:    Trying to load font information for T1+phv on input line 10
6.

(/usr/share/texlive/texmf-dist/tex/latex/psnfss/t1phv.fd
File: t1phv.fd 2020/03/25 scalable font definitions for T1/phv.
)
LaTeX Font Info:    Font shape `T1/phv/m/n' will be
(Font)              scaled to size 10.79993pt on input line 106.
 (./main.aux
(./PreTexto/dedicatoria.aux) (./PreTexto/agradecimentos.aux)
(./PreTexto/epigrafe.aux) (./PreTexto/resumo.aux) (./PreTexto/abstract.aux)
(./PreTexto/lista-simbolos.aux) (./capitulos/cap-introducao.aux)
(./capitulos/cap-conceitos.aux) (./capitulos/cap-trabalhos-relacionados.aux)
(./capitulos/cap-proposta.aux) (./capitulos/cap-metodologia.aux)
(./capitulos/cap-experimentos-resultados.aux) (./capitulos/cap-conclusoes.aux)
(./PosTexto/apendicea.aux) (./PosTexto/apendiceb.aux) (./PosTexto/anexoa.aux)
(./PosTexto/anexob.aux))
\openout1 = `main.aux'.

LaTeX Font Info:    Checking defaults for OML/cmm/m/it on input line 106.
LaTeX Font Info:    ... okay on input line 106.
LaTeX Font Info:    Checking defaults for OMS/cmsy/m/n on input line 106.
LaTeX Font Info:    ... okay on input line 106.
LaTeX Font Info:    Checking defaults for OT1/cmr/m/n on input line 106.
LaTeX Font Info:    ... okay on input line 106.
LaTeX Font Info:    Checking defaults for T1/cmr/m/n on input line 106.
LaTeX Font Info:    ... okay on input line 106.
LaTeX Font Info:    Checking defaults for TS1/cmr/m/n on input line 106.
LaTeX Font Info:    ... okay on input line 106.
LaTeX Font Info:    Checking defaults for OMX/cmex/m/n on input line 106.
LaTeX Font Info:    ... okay on input line 106.
LaTeX Font Info:    Checking defaults for U/cmr/m/n on input line 106.
LaTeX Font Info:    ... okay on input line 106.
LaTeX Font Info:    Checking defaults for PD1/pdf/m/n on input line 106.
LaTeX Font Info:    ... okay on input line 106.
LaTeX Font Info:    Checking defaults for PU/pdf/m/n on input line 106.
LaTeX Font Info:    ... okay on input line 106.

(/usr/share/texlive/texmf-dist/tex/context/base/mkii/supp-pdf.mkii
[Loading MPS to PDF converter (version 2006.09.02).]
\scratchcounter=\count457
\scratchdimen=\dimen359
\scratchbox=\box90
\nofMPsegments=\count458
\nofMParguments=\count459
\everyMPshowfont=\toks74
\MPscratchCnt=\count460
\MPscratchDim=\dimen360
\MPnumerator=\count461
\makeMPintoPDFobject=\count462
\everyMPtoPDFconversion=\toks75
) (/usr/share/texlive/texmf-dist/tex/latex/epstopdf-pkg/epstopdf-base.sty
Package: epstopdf-base 2020-01-24 v2.11 Base part for package epstopdf
Package epstopdf-base Info: Redefining graphics rule for `.eps' on input line 4
85.

(/usr/share/texlive/texmf-dist/tex/latex/latexconfig/epstopdf-sys.cfg
File: epstopdf-sys.cfg 2010/07/13 v1.3 Configuration of (r)epstopdf for TeX Liv
e
))
Package hyperref Info: Link coloring ON on input line 106.

(/usr/share/texlive/texmf-dist/tex/latex/hyperref/nameref.sty
Package: nameref 2021-04-02 v2.47 Cross-referencing by name of section

(/usr/share/texlive/texmf-dist/tex/latex/refcount/refcount.sty
Package: refcount 2019/12/15 v3.6 Data extraction from label references (HO)
)
(/usr/share/texlive/texmf-dist/tex/generic/gettitlestring/gettitlestring.sty
Package: gettitlestring 2019/12/15 v1.6 Cleanup title references (HO)
)
\c@section@level=\count463
)
Redoing nameref's sectioning
Redoing nameref's label
LaTeX Info: Redefining \nameref on input line 106.
LaTeX Info: Redefining \ref on input line 106.
LaTeX Info: Redefining \pageref on input line 106.
LaTeX Info: Redefining \nameref on input line 106.
LaTeX Info: Redefining \degres on input line 106.
LaTeX Info: Redefining \up on input line 106.
\myptabbox=\box91
\myptabboxwidth=\skip315
*geometry* driver: auto-detecting
*geometry* detected driver: pdftex
*geometry* verbose mode - [ preamble ] result:
* driver: pdftex
* paper: a4paper
* layout: <same size as paper>
* layoutoffset:(h,v)=(0.0pt,0.0pt)
* modes: 
* h-part:(L,W,R)=(85.35826pt, 455.24411pt, 56.9055pt)
* v-part:(T,H,B)=(85.35826pt, 724.12265pt, 35.56593pt)
* \paperwidth=597.50787pt
* \paperheight=845.04684pt
* \textwidth=455.24411pt
* \textheight=724.12265pt
* \oddsidemargin=13.08827pt
* \evensidemargin=13.08827pt
* \topmargin=-43.81721pt
* \headheight=28.45274pt
* \headsep=28.45274pt
* \topskip=12.0pt
* \footskip=14.22636pt
* \marginparwidth=42.9055pt
* \marginparsep=7.0pt
* \columnsep=10.0pt
* \skip\footins=12.0pt plus 4.0pt minus 4.0pt
* \hoffset=0.0pt
* \voffset=0.0pt
* \mag=1000
* \@twocolumnfalse
* \@twosidefalse
* \@mparswitchfalse
* \@reversemarginfalse
* (1in=72.27pt=25.4mm, 1cm=28.453pt)

Package lastpage Info: Please have a look at the pageslts package at
(lastpage)             https://www.ctan.org/pkg/pageslts
(lastpage)             ! on input line 106.
<<ot1.cmap>><<oml.cmap>><<oms.cmap>><<omx.cmap>>
LaTeX Font Info:    Trying to load font information for U+msa on input line 106
.

(/usr/share/texlive/texmf-dist/tex/latex/amsfonts/umsa.fd
File: umsa.fd 2013/01/14 v3.01 AMS symbols A
)
LaTeX Font Info:    Trying to load font information for U+msb on input line 106
.

(/usr/share/texlive/texmf-dist/tex/latex/amsfonts/umsb.fd
File: umsb.fd 2013/01/14 v3.01 AMS symbols B
)
LaTeX Font Info:    Trying to load font information for U+wasy on input line 10
6.

(/usr/share/texlive/texmf-dist/tex/latex/wasysym/uwasy.fd
File: uwasy.fd 2020/01/19 v2.4 Wasy-2 symbol font definitions
)<<ot1tt.cmap>>
Package caption Info: Begin \AtBeginDocument code.
Package caption Info: subfig package v1.3 is loaded.
Package caption Info: listings package is loaded.
Package caption Info: xtab package is loaded.
Package caption Info: End \AtBeginDocument code.
*geometry* verbose mode - [ newgeometry ] result:
* driver: pdftex
* paper: a4paper
* layout: <same size as paper>
* layoutoffset:(h,v)=(0.0pt,0.0pt)
* modes: includehead 
* h-part:(L,W,R)=(85.35826pt, 455.24411pt, 56.9055pt)
* v-part:(T,H,B)=(85.35826pt, 724.12265pt, 35.56593pt)
* \paperwidth=597.50787pt
* \paperheight=845.04684pt
* \textwidth=455.24411pt
* \textheight=652.99077pt
* \oddsidemargin=13.08827pt
* \evensidemargin=13.08827pt
* \topmargin=13.08827pt
* \headheight=71.13188pt
* \headsep=0.0pt
* \topskip=12.0pt
* \footskip=14.22636pt
* \marginparwidth=42.9055pt
* \marginparsep=7.0pt
* \columnsep=10.0pt
* \skip\footins=12.0pt plus 4.0pt minus 4.0pt
* \hoffset=0.0pt
* \voffset=0.0pt
* \mag=1000
* \@twocolumnfalse
* \@twosidefalse
* \@mparswitchfalse
* \@reversemarginfalse
* (1in=72.27pt=25.4mm, 1cm=28.453pt)


(/usr/share/texlive/texmf-dist/tex/latex/pdflscape/pdflscape.sty
Package: pdflscape 2019/12/05 v0.12 Display of landscape pages in PDF (HO)

(/usr/share/texlive/texmf-dist/tex/latex/graphics/lscape.sty
Package: lscape 2020/05/28 v3.02 Landscape Pages (DPC)
)
Package pdflscape Info: Auto-detected driver: pdftex on input line 81.
)
\c@lstlisting=\count464
LaTeX Font Info:    Font shape `T1/phv/m/n' will be
(Font)              scaled to size 12.9599pt on input line 115.
LaTeX Font Info:    Font shape `T1/phv/b/n' will be
(Font)              scaled to size 12.9599pt on input line 115.
\openout4 = `main.mw'.

 [1




] (./main.mw)
\openout4 = `main.mw'.

\openout4 = `main.ist'.

\openout4 = `main.mw'.

\openout4 = `main.mw'.

\openout4 = `main.mw'.

\openout4 = `main.mw'.

\openout4 = `main.mw'.

\openout4 = `main.mw'.

\openout4 = `main.mw'.

\openout4 = `main.mw'.

\openout4 = `main.mw'.

\openout4 = `main.mw'.

\openout4 = `main.mw'.

\openout4 = `main.mw'.

\openout4 = `main.mw'.

\openout4 = `main.mw'.

\openout4 = `main.mw'.

\openout4 = `main.mw'.

\openout4 = `main.mw'.

\openout4 = `main.mw'.

\openout4 = `main.mw'.

\openout4 = `main.mw'.

\openout4 = `main.mw'.

\openout4 = `main.mw'.

\openout4 = `main.mw'.

\openout4 = `main.mw'.

\openout4 = `main.mw'.

\openout4 = `main.mw'.

\openout4 = `main.mw'.

\openout4 = `main.mw'.

\openout4 = `main.mw'.

\openout4 = `main.mw'.

\openout4 = `main.mw'.

\openout4 = `main.mw'.

\openout4 = `main.mw'.

\openout4 = `main.mw'.

\openout4 = `main.mw'.

\openout4 = `main.mw'.

\openout4 = `main.mw'.

\openout4 = `main.mw'.

\openout4 = `main.mw'.

\openout4 = `main.mw'.

\openout4 = `main.mw'.

\openout4 = `main.mw'.

\openout4 = `main.mw'.

\openout4 = `main.mw'.

\openout4 = `main.mw'.

\openout4 = `main.mw'.

\openout4 = `main.mw'.

\openout4 = `main.mw'.

\openout4 = `main.mw'.

\openout4 = `main.mw'.

\openout4 = `main.mw'.

\openout4 = `main.mw'.

\openout4 = `main.mw'.

\openout4 = `main.mw'.

\openout4 = `main.mw'.

\openout4 = `main.mw'.

\openout4 = `main.mw'.

\openout4 = `main.mw'.

\openout4 = `main.mw'.

\openout4 = `main.mw'.

\openout4 = `main.mw'.

\openout4 = `main.mw'.

\openout4 = `main.ist'.

\openout4 = `main.mw'.

\openout4 = `main.mw'.

\openout4 = `main.mw'.

\openout4 = `main.mw'.

\openout4 = `main.mw'.

\openout4 = `main.mw'.


Underfull \hbox (badness 2922) in paragraph at lines 119--119
\T1/phv/m/n/12 do Curso de Ba-cha-re-lado em Ci-n-cia da
 []


Underfull \hbox (badness 10000) in paragraph at lines 119--119
\T1/phv/m/n/12 Com-pu-ta-o da Uni-ver-si-dade Tec-no-l-gica
 []

LaTeX Font Info:    Font shape `T1/phv/b/n' will be
(Font)              scaled to size 10.79993pt on input line 119.
LaTeX Font Info:    Font shape `T1/phv/m/n' will be
(Font)              scaled to size 9.85492pt on input line 119.
Package epstopdf Info: Source file: <./PreTexto/arquivos/licencasCC/by.eps>
(epstopdf)                    date: 2025-05-22 21:08:26
(epstopdf)                    size: 36313 bytes
(epstopdf)             Output file: <./PreTexto/arquivos/licencasCC/by-eps-conv
erted-to.pdf>
(epstopdf)                    date: 2025-09-08 23:00:55
(epstopdf)                    size: 4610 bytes
(epstopdf)             Command: <repstopdf --outfile=./PreTexto/arquivos/licenc
asCC/by-eps-converted-to.pdf ./PreTexto/arquivos/licencasCC/by.eps>
(epstopdf)             \includegraphics on input line 119.
Package epstopdf Info: Output file is already uptodate.
<./PreTexto/arquivos/licencasCC/by-eps-converted-to.pdf, id=22, 120.45pt x 42.1
575pt>
File: ./PreTexto/arquivos/licencasCC/by-eps-converted-to.pdf Graphic file (type
 pdf)
<use ./PreTexto/arquivos/licencasCC/by-eps-converted-to.pdf>
Package pdftex.def Info: ./PreTexto/arquivos/licencasCC/by-eps-converted-to.pdf
  used on input line 119.
(pdftex.def)             Requested size: 72.27054pt x 25.29468pt.

Overfull \hbox (14.73956pt too wide) in paragraph at lines 119--119
[]|[]| 
 []

\openout4 = `main.mw'.

[2



 <./PreTexto/arquivos/licencasCC/by-eps-converted-to.pdf>] (./main.mw)
\openout4 = `main.mw'.


Underfull \hbox (badness 2922) in paragraph at lines 133--133
\T1/phv/m/n/12 do Curso de Ba-cha-re-lado em Ci-n-cia da
 []


Underfull \hbox (badness 10000) in paragraph at lines 133--133
\T1/phv/m/n/12 Com-pu-ta-o da Uni-ver-si-dade Tec-no-l-gica
 []

pdfTeX warning (ext4): destination with the same identifier (name{page.2}) has 
been already used, duplicate ignored
<to be read again> 
                   \relax 
l.138 \include{./PreTexto/dedicatoria}
                                      %% Comente para remover este item
\openout4 = `main.mw'.


[2


] (./main.mw)
\openout4 = `main.mw'.

\openout2 = `./PreTexto/dedicatoria.aux'.

 (./PreTexto/dedicatoria.tex)
\openout4 = `main.mw'.

 [3

] (./main.mw)
\openout4 = `main.mw'.

\openout2 = `./PreTexto/agradecimentos.aux'.


(./PreTexto/agradecimentos.tex
\openout4 = `main.mw'.

 [4




] (./main.mw)
\openout4 = `main.mw'.

)
\openout2 = `./PreTexto/epigrafe.aux'.

 (./PreTexto/epigrafe.tex

LaTeX Warning: Citation `Candido2002' on page 5 undefined on input line 10.

\openout4 = `main.mw'.

[5




] (./main.mw)
\openout4 = `main.mw'.

)
\openout2 = `./PreTexto/resumo.aux'.

 (./PreTexto/resumo.tex
\openout4 = `main.mw'.

 [6




] (./main.mw)
\openout4 = `main.mw'.

)
\openout2 = `./PreTexto/abstract.aux'.


(./PreTexto/abstract.tex
\openout4 = `main.mw'.

 [7




] (./main.mw)
\openout4 = `main.mw'.

) (./main.loge)
\openout4 = `main.mw'.

 [8



] (./main.mw)
\openout4 = `main.mw'.


(./main.lot
LaTeX Font Info:    Font shape `T1/phv/b/n' will be
(Font)              scaled to size 7.19995pt on input line 5.
)
\openout4 = `main.mw'.

 [9

] (./main.mw)
\openout4 = `main.mw'.

 (./main.acr3) (./main.acr2
Overfull \hbox (5.99997pt too wide) in paragraph at lines 2--10
[] 
 []

) (./main.acr)
\openout4 = `main.mw'.

 [10


] (./main.mw)
\openout4 = `main.mw'.

\openout2 = `./PreTexto/lista-simbolos.aux'.

 (./PreTexto/lista-simbolos.tex
Overfull \hbox (5.99995pt too wide) in paragraph at lines 9--15
[] 
 []

)
\openout4 = `main.mw'.

 [11



] (./main.mw)
\openout4 = `main.mw'.

 (./main.toc
LaTeX Font Info:    Font shape `T1/phv/m/it' in size <12> not available
(Font)              Font shape `T1/phv/m/sl' tried instead on input line 17.
LaTeX Font Info:    Font shape `T1/phv/m/sl' will be
(Font)              scaled to size 10.79993pt on input line 17.
)
\openout4 = `main.mw'.

 [12



] (./main.mw)
\openout4 = `main.mw'.

\openout2 = `./capitulos/cap-introducao.aux'.


(./capitulos/cap-introducao.tex
LaTeX Font Info:    Trying to load font information for T1+pcr on input line 11
.

(/usr/share/texlive/texmf-dist/tex/latex/psnfss/t1pcr.fd
File: t1pcr.fd 2001/06/04 font definitions for T1/pcr.
)

LaTeX Warning: Citation `Moore:2000:CMC:333067.333074' on page 13 undefined on 
input line 14.


LaTeX Warning: Citation `Coulouris2013' on page 13 undefined on input line 18.


LaTeX Warning: Citation `Coulouris2013' on page 13 undefined on input line 20.


LaTeX Warning: Citation `Coulouris2013' on page 13 undefined on input line 22.


LaTeX Warning: Citation `Coulouris2013' on page 13 undefined on input line 24.


LaTeX Warning: Citation `NBR6023:2018' on page 13 undefined on input line 27.


LaTeX Warning: Citation `NBR6027:2012' on page 13 undefined on input line 30.


LaTeX Warning: Citation `NBR6028:2021' on page 13 undefined on input line 33.


LaTeX Warning: Citation `NBR14724:2011' on page 13 undefined on input line 35.


LaTeX Warning: Citation `NBR10520:2002' on page 13 undefined on input line 37.


LaTeX Warning: Citation `NBR14724:2011' on page 13 undefined on input line 39.


LaTeX Warning: Citation `Andrade2005' on page 13 undefined on input line 42.


LaTeX Warning: Citation `Borges2014' on page 13 undefined on input line 45.


LaTeX Warning: Citation `BRASIL:1998' on page 13 undefined on input line 48.


LaTeX Warning: Citation `KROGH:2001' on page 13 undefined on input line 51.


LaTeX Warning: Citation `Faina2001' on page 13 undefined on input line 53.


LaTeX Warning: Citation `Davenport2012' on page 13 undefined on input line 56.


LaTeX Warning: Citation `Monteiro2009' on page 13 undefined on input line 59.


LaTeX Warning: Citation `Sanches2024' on page 13 undefined on input line 62.


LaTeX Warning: Citation `Renaux2001' on page 13 undefined on input line 65.

\openout4 = `main.mw'.

[13



] (./main.mw)
\openout4 = `main.mw'.

LaTeX Font Info:    Font shape `T1/phv/b/n' will be
(Font)              scaled to size 9.85492pt on input line 75.
Package epstopdf Info: Source file: <figuras//foto1.eps>
(epstopdf)                    date: 2025-05-22 21:08:24
(epstopdf)                    size: 1548013 bytes
(epstopdf)             Output file: <figuras//foto1-eps-converted-to.pdf>
(epstopdf)                    date: 2025-09-08 23:00:56
(epstopdf)                    size: 76643 bytes
(epstopdf)             Command: <repstopdf --outfile=figuras//foto1-eps-convert
ed-to.pdf figuras//foto1.eps>
(epstopdf)             \includegraphics on input line 77.
Package epstopdf Info: Output file is already uptodate.
<figuras//foto1-eps-converted-to.pdf, id=188, 602.25pt x 424.58624pt>
File: figuras//foto1-eps-converted-to.pdf Graphic file (type pdf)
<use figuras//foto1-eps-converted-to.pdf>
Package pdftex.def Info: figuras//foto1-eps-converted-to.pdf  used on input lin
e 77.
(pdftex.def)             Requested size: 240.89572pt x 169.83148pt.
LaTeX Font Info:    Font shape `T1/phv/m/n' will be
(Font)              scaled to size 7.19995pt on input line 85.
Package epstopdf Info: Source file: <figuras//grafico2.eps>
(epstopdf)                    date: 2025-05-22 21:08:26
(epstopdf)                    size: 2856534 bytes
(epstopdf)             Output file: <figuras//grafico2-eps-converted-to.pdf>
(epstopdf)                    date: 2025-09-08 23:00:57
(epstopdf)                    size: 69154 bytes
(epstopdf)             Command: <repstopdf --outfile=figuras//grafico2-eps-conv
erted-to.pdf figuras//grafico2.eps>
(epstopdf)             \includegraphics on input line 97.
Package epstopdf Info: Output file is already uptodate.
<figuras//grafico2-eps-converted-to.pdf, id=190, 1129.21875pt x 418.56375pt>
File: figuras//grafico2-eps-converted-to.pdf Graphic file (type pdf)
<use figuras//grafico2-eps-converted-to.pdf>
Package pdftex.def Info: figuras//grafico2-eps-converted-to.pdf  used on input 
line 97.
(pdftex.def)             Requested size: 451.6795pt x 167.42252pt.


LaTeX Warning: Citation `UTFPR2008' on page 14 undefined on input line 98.


LaTeX Warning: Citation `UTFPR2008' on page 14 undefined on input line 98.

\openout4 = `main.mw'.

[14 <./figuras//foto1-eps-converted-to.pdf>] (./main.mw)
\openout4 = `main.mw'.

\openout4 = `main.mw'.

 [15 <./figuras//grafico2-eps-converted-to.pdf>] (./main.mw)
\openout4 = `main.mw'.

)
\openout4 = `main.mw'.

 [16] (./main.mw)
\openout4 = `main.mw'.

\openout2 = `./capitulos/cap-conceitos.aux'.


(./capitulos/cap-conceitos.tex
\openout4 = `main.mw'.

 [17




] (./main.mw)
\openout4 = `main.mw'.



LaTeX Warning: Citation `Pressman2009' on page 18 undefined on input line 44.


LaTeX Warning: Citation `Pressman2009' on page 18 undefined on input line 44.


LaTeX Warning: Citation `Pressman2009' on page 18 undefined on input line 44.


LaTeX Warning: Citation `Pressman2009' on page 18 undefined on input line 49.

\openout4 = `main.mw'.

[18] (./main.mw)
\openout4 = `main.mw'.



LaTeX Warning: Citation `Pressman2009' on page 19 undefined on input line 52.


LaTeX Warning: Citation `Pressman2009' on page 19 undefined on input line 52.


LaTeX Warning: Citation `Pinto2000' on page 19 undefined on input line 54.


LaTeX Warning: Citation `Guimaraes2003' on page 19 undefined on input line 54.


LaTeX Warning: Citation `Coulouris2013' on page 19 undefined on input line 64.


LaTeX Warning: Citation `Coulouris2013' on page 19 undefined on input line 66.


LaTeX Warning: Citation `Coulouris2013' on page 19 undefined on input line 68.


Underfull \hbox (badness 1565) in paragraph at lines 68--69
\OMS/cmsy/m/n/12 n$\T1/pcr/m/n/12 fonte{} \T1/phv/m/n/12 ti-ver al-gum con-ted
o (no es-ti-ver em branco), tal con-tedo ser in-se-rido
 []

\openout4 = `main.mw'.

[19] (./main.mw)
\openout4 = `main.mw'.

\openout4 = `main.mw'.

\openout4 = `main.mw'.

<figuras//cs2.png, id=232, 837.1275pt x 303.1325pt>
File: figuras//cs2.png Graphic file (type png)
<use figuras//cs2.png>
Package pdftex.def Info: figuras//cs2.png  used on input line 76.
(pdftex.def)             Requested size: 334.84506pt x 121.25084pt.


LaTeX Warning: Citation `Coulouris2013' on page 20 undefined on input line 77.


LaTeX Warning: Citation `Coulouris2013' on page 20 undefined on input line 77.

<figuras//cadastro-paciente.png, id=234, 244.66406pt x 192.72pt>
File: figuras//cadastro-paciente.png Graphic file (type png)
<use figuras//cadastro-paciente.png>
Package pdftex.def Info: figuras//cadastro-paciente.png  used on input line 89.

(pdftex.def)             Requested size: 171.26366pt x 134.90306pt.
File: figuras//cadastro-paciente.png Graphic file (type png)
<use figuras//cadastro-paciente.png>
Package pdftex.def Info: figuras//cadastro-paciente.png  used on input line 92.

(pdftex.def)             Requested size: 171.26366pt x 134.90306pt.

Overfull \hbox (455.24411pt too wide) detected at line 156
 [] 
 []


Overfull \hbox (455.24411pt too wide) detected at line 161
 [] 
 []


LaTeX Warning: Citation `Smallen2014' on page 20 undefined on input line 172.


LaTeX Warning: Citation `Smallen2014' on page 20 undefined on input line 172.


Overfull \hbox (455.24411pt too wide) detected at line 172
 [] 
 []

\openout4 = `main.mw'.

[20 <./figuras//cs2.png> <./figuras//cadastro-paciente.png>] (./main.mw)
\openout4 = `main.mw'.

\openout4 = `main.mw'.

\openout4 = `main.mw'.

\openout4 = `main.mw'.


[21] (./main.mw)
\openout4 = `main.mw'.

\openout4 = `main.mw'.

\openout4 = `main.mw'.

\openout4 = `main.mw'.

 [22] (./main.mw)
\openout4 = `main.mw'.


(/usr/share/texlive/texmf-dist/tex/latex/listings/lstlang1.sty
File: lstlang1.sty 2020/03/24 1.8d listings language file
)
LaTeX Font Info:    Font shape `T1/phv/m/it' in size <10.95> not available
(Font)              Font shape `T1/phv/m/sl' tried instead on input line 277.
LaTeX Font Info:    Font shape `T1/phv/m/sl' will be
(Font)              scaled to size 9.85492pt on input line 277.
)
\openout4 = `main.mw'.

 [23]
(./main.mw)
\openout4 = `main.mw'.

\openout4 = `main.mw'.

 [24] (./main.mw)
\openout4 = `main.mw'.

\openout2 = `./capitulos/cap-trabalhos-relacionados.aux'.

 (./capitulos/cap-trabalhos-relacionados.tex)
\openout4 = `main.mw'.


[25




] (./main.mw)
\openout4 = `main.mw'.

\openout2 = `./capitulos/cap-proposta.aux'.

 (./capitulos/cap-proposta.tex)
\openout2 = `./capitulos/cap-metodologia.aux'.


(./capitulos/cap-metodologia.tex)
\openout4 = `main.mw'.

 [26







] (./main.mw)
\openout4 = `main.mw'.

\openout4 = `main.mw'.

 [27] (./main.mw)
\openout4 = `main.mw'.

\openout2 = `./capitulos/cap-experimentos-resultados.aux'.


(./capitulos/cap-experimentos-resultados.tex
\openout4 = `main.mw'.

 [28




] (./main.mw)
\openout4 = `main.mw'.

File: figuras//cadastro-paciente.png Graphic file (type png)
<use figuras//cadastro-paciente.png>
Package pdftex.def Info: figuras//cadastro-paciente.png  used on input line 43.

(pdftex.def)             Requested size: 195.7315pt x 154.1762pt.
\openout4 = `main.mw'.

 [29] (./main.mw)
\openout4 = `main.mw'.

\openout4 = `main.mw'.


[30] (./main.mw)
\openout4 = `main.mw'.

)
\openout4 = `main.mw'.

 [31] (./main.mw)
\openout4 = `main.mw'.

\openout2 = `./capitulos/cap-conclusoes.aux'.

 (./capitulos/cap-conclusoes.tex)
\openout4 = `main.mw'.

 [32




]
(./main.mw)
\openout4 = `main.mw'.


No file main.bbl.
\openout2 = `./PosTexto/apendicea.aux'.

(./PosTexto/apendicea.tex
\openout4 = `main.mw'.

 [33




] (./main.mw)
\openout4 = `main.mw'.

)
\openout4 = `main.mw'.

 [34

] (./main.mw)
\openout4 = `main.mw'.

\openout2 = `./PosTexto/apendiceb.aux'.


(./PosTexto/apendiceb.tex
\openout4 = `main.mw'.

 [35




] (./main.mw)
\openout4 = `main.mw'.

)
\openout4 = `main.mw'.

 [36

] (./main.mw)
\openout4 = `main.mw'.

\openout2 = `./PosTexto/anexoa.aux'.


(./PosTexto/anexoa.tex
LaTeX Font Info:    Font shape `T1/phv/b/n' will be
(Font)              scaled to size 8.99994pt on input line 7.
\openout4 = `main.mw'.

 [37




] (./main.mw)
\openout4 = `main.mw'.

<./PosTexto/Ilustracoes/lei-n9610-p1.pdf, id=373, 597.23125pt x 844.15375pt>
File: ./PosTexto/Ilustracoes/lei-n9610-p1.pdf Graphic file (type pdf)
<use ./PosTexto/Ilustracoes/lei-n9610-p1.pdf>
Package pdftex.def Info: ./PosTexto/Ilustracoes/lei-n9610-p1.pdf  used on input
 line 9.
(pdftex.def)             Requested size: 455.24411pt x 643.46986pt.
<./PosTexto/Ilustracoes/lei-n9610-p2.pdf, id=374, 597.23125pt x 844.15375pt>
File: ./PosTexto/Ilustracoes/lei-n9610-p2.pdf Graphic file (type pdf)
<use ./PosTexto/Ilustracoes/lei-n9610-p2.pdf>
Package pdftex.def Info: ./PosTexto/Ilustracoes/lei-n9610-p2.pdf  used on input
 line 11.
(pdftex.def)             Requested size: 455.24411pt x 643.46986pt.
)
\openout4 = `main.mw'.

 [38

 <./PosTexto/Ilustracoes/lei-n9610-p1.pdf

pdfTeX warning: /usr/bin/pdflatex (file ./PosTexto/Ilustracoes/lei-n9610-p1.pdf
): PDF inclusion: invalid other resource which is no dict (key 'ProcSets', type
 <array>); ignored.
>] (./main.mw)
\openout4 = `main.mw'.

\openout4 = `main.mw'.

 [39 <./PosTexto/Ilustracoes/lei-n9610-p2.pdf

pdfTeX warning: /usr/bin/pdflatex (file ./PosTexto/Ilustracoes/lei-n9610-p2.pdf
): PDF inclusion: invalid other resource which is no dict (key 'ProcSets', type
 <array>); ignored.
>] (./main.mw)
\openout4 = `main.mw'.

\openout2 = `./PosTexto/anexob.aux'.

 (./PosTexto/anexob.tex
\openout4 = `main.mw'.

 [40




] (./main.mw)
\openout4 = `main.mw'.

<figuras//normas.jpg, id=415, 752.8125pt x 651.18282pt>
File: figuras//normas.jpg Graphic file (type jpg)
<use figuras//normas.jpg>
Package pdftex.def Info: figuras//normas.jpg  used on input line 14.
(pdftex.def)             Requested size: 409.71692pt x 354.41563pt.


LaTeX Warning: Citation `UTFPR2008' on page 41 undefined on input line 15.


LaTeX Warning: Citation `UTFPR2008' on page 41 undefined on input line 15.

)
\openout4 = `main.mw'.

 [41

 <./figuras//normas.jpg>] (./main.mw)
\openout4 = `main.mw'.

\openout4 = `main.mw'.

\openout4 = `main.mw'.

 
AED: lastpage setting LastPage
\tf@loge=\write28
\openout4 = `main.loge'.

\tf@lot=\write29
\openout4 = `main.lot'.

\tf@toc=\write30
\openout4 = `main.toc'.

(./main.aux
\openout4 = `main.mw'.

\openout4 = `main.mw'.

\openout4 = `main.mw'.

\openout4 = `main.mw'.

\openout4 = `main.mw'.

\openout4 = `main.mw'.

\openout4 = `main.mw'.

\openout4 = `main.mw'.

 (./PreTexto/dedicatoria.aux) (./PreTexto/agradecimentos.aux
\openout4 = `main.mw'.

\openout4 = `main.mw'.

)
(./PreTexto/epigrafe.aux) (./PreTexto/resumo.aux) (./PreTexto/abstract.aux)
\openout4 = `main.mw'.

\openout4 = `main.mw'.

\openout4 = `main.mw'.

\openout4 = `main.mw'.

\openout4 = `main.mw'.

\openout4 = `main.mw'.


(./PreTexto/lista-simbolos.aux
\openout4 = `main.mw'.

\openout4 = `main.mw'.

)
\openout4 = `main.mw'.

\openout4 = `main.mw'.

 (./capitulos/cap-introducao.aux
\openout4 = `main.mw'.

\openout4 = `main.mw'.

\openout4 = `main.mw'.

\openout4 = `main.mw'.

\openout4 = `main.mw'.

\openout4 = `main.mw'.

\openout4 = `main.mw'.

\openout4 = `main.mw'.

\openout4 = `main.mw'.

\openout4 = `main.mw'.

\openout4 = `main.mw'.

\openout4 = `main.mw'.

\openout4 = `main.mw'.

\openout4 = `main.mw'.

\openout4 = `main.mw'.

\openout4 = `main.mw'.

\openout4 = `main.mw'.

\openout4 = `main.mw'.

\openout4 = `main.mw'.

\openout4 = `main.mw'.

\openout4 = `main.mw'.

\openout4 = `main.mw'.

\openout4 = `main.mw'.

\openout4 = `main.mw'.

)
(./capitulos/cap-conceitos.aux
\openout4 = `main.mw'.

\openout4 = `main.mw'.

\openout4 = `main.mw'.

\openout4 = `main.mw'.

\openout4 = `main.mw'.

\openout4 = `main.mw'.

\openout4 = `main.mw'.

\openout4 = `main.mw'.

\openout4 = `main.mw'.

\openout4 = `main.mw'.

\openout4 = `main.mw'.

\openout4 = `main.mw'.

\openout4 = `main.mw'.

\openout4 = `main.mw'.

\openout4 = `main.mw'.

\openout4 = `main.mw'.

\openout4 = `main.mw'.

\openout4 = `main.mw'.

\openout4 = `main.mw'.

\openout4 = `main.mw'.

\openout4 = `main.mw'.

\openout4 = `main.mw'.

\openout4 = `main.mw'.

\openout4 = `main.mw'.

) (./capitulos/cap-trabalhos-relacionados.aux
\openout4 = `main.mw'.

\openout4 = `main.mw'.

\openout4 = `main.mw'.

\openout4 = `main.mw'.

)
(./capitulos/cap-proposta.aux) (./capitulos/cap-metodologia.aux
\openout4 = `main.mw'.

\openout4 = `main.mw'.

\openout4 = `main.mw'.

\openout4 = `main.mw'.

\openout4 = `main.mw'.

\openout4 = `main.mw'.

\openout4 = `main.mw'.

\openout4 = `main.mw'.

)
(./capitulos/cap-experimentos-resultados.aux
\openout4 = `main.mw'.

\openout4 = `main.mw'.

\openout4 = `main.mw'.

\openout4 = `main.mw'.

\openout4 = `main.mw'.

\openout4 = `main.mw'.

\openout4 = `main.mw'.

\openout4 = `main.mw'.

\openout4 = `main.mw'.

\openout4 = `main.mw'.

\openout4 = `main.mw'.

\openout4 = `main.mw'.

\openout4 = `main.mw'.

\openout4 = `main.mw'.

) (./capitulos/cap-conclusoes.aux
\openout4 = `main.mw'.

\openout4 = `main.mw'.

\openout4 = `main.mw'.

\openout4 = `main.mw'.

)
(./PosTexto/apendicea.aux
\openout4 = `main.mw'.

\openout4 = `main.mw'.

)
\openout4 = `main.mw'.

\openout4 = `main.mw'.

\openout4 = `main.mw'.

\openout4 = `main.mw'.

 (./PosTexto/apendiceb.aux
\openout4 = `main.mw'.

\openout4 = `main.mw'.

\openout4 = `main.mw'.

\openout4 = `main.mw'.

\openout4 = `main.mw'.

\openout4 = `main.mw'.

\openout4 = `main.mw'.

\openout4 = `main.mw'.

) (./PosTexto/anexoa.aux
\openout4 = `main.mw'.

\openout4 = `main.mw'.

\openout4 = `main.mw'.

\openout4 = `main.mw'.

\openout4 = `main.mw'.

\openout4 = `main.mw'.

)
\openout4 = `main.mw'.

\openout4 = `main.mw'.

\openout4 = `main.mw'.

\openout4 = `main.mw'.


(./PosTexto/anexob.aux
\openout4 = `main.mw'.

\openout4 = `main.mw'.

))

LaTeX Warning: There were undefined references.

\openout4 = `main.glo'.

\openout4 = `main.acn'.

\openout4 = `main.acn2'.

\openout4 = `main.acn3'.

\openout4 = `main.idx'.

\openout4 = `main.nlo'.

\openout4 = `main.loge'.

\openout4 = `main.lot'.

\openout4 = `main.toc'.

 ) 
Here is how much of TeX's memory you used:
 48781 strings out of 478287
 885734 string characters out of 5849289
 1497644 words of memory out of 5000000
 65656 multiletter control sequences out of 15000+600000
 518141 words of font info for 121 fonts, out of 8000000 for 9000
 1141 hyphenation exceptions out of 8191
 125i,19n,131p,1182b,2593s stack positions out of 5000i,500n,10000p,200000b,80000s
pdfTeX warning (dest): name{glo:latex} has been referenced but does not exist
, replaced by a fixed one

{/usr/share/texlive/texmf-dist/fonts/enc/dvips/base/8r.enc}</usr/share/texlive/
texmf-dist/fonts/type1/public/amsfonts/cm/cmbx8.pfb></usr/share/texlive/texmf-d
ist/fonts/type1/public/amsfonts/cm/cmmi10.pfb></usr/share/texlive/texmf-dist/fo
nts/type1/public/amsfonts/cm/cmmib10.pfb></usr/share/texlive/texmf-dist/fonts/t
ype1/public/amsfonts/cm/cmr10.pfb></usr/share/texlive/texmf-dist/fonts/type1/pu
blic/amsfonts/cm/cmss10.pfb></usr/share/texlive/texmf-dist/fonts/type1/public/a
msfonts/cm/cmss8.pfb></usr/share/texlive/texmf-dist/fonts/type1/public/amsfonts
/cm/cmsy10.pfb></usr/share/texlive/texmf-dist/fonts/type1/urw/courier/ucrr8a.pf
b></usr/share/texlive/texmf-dist/fonts/type1/urw/helvetic/uhvb8a.pfb></usr/shar
e/texlive/texmf-dist/fonts/type1/urw/helvetic/uhvr8a.pfb></usr/share/texlive/te
xmf-dist/fonts/type1/urw/helvetic/uhvro8a.pfb>
Output written on main.pdf (42 pages, 667390 bytes).
PDF statistics:
 619 PDF objects out of 1000 (max. 8388607)
 525 compressed objects within 6 object streams
 153 named destinations out of 1000 (max. 500000)
 401 words of extra memory for PDF output out of 10000 (max. 10000000)

